This is pdfTeX, Version 3.1415926-2.5-1.40.14 (TeX Live 2013/W32TeX) (format=pdflatex 2014.4.14)  21 SEP 2017 19:30
entering extended mode
 restricted \write18 enabled.
 %&-line parsing enabled.
**these.tex
(./these.tex
LaTeX2e <2011/06/27>
Babel <3.9k> and hyphenation patterns for 78 languages loaded.
(d:/texlive/2013/texmf-dist/tex/latex/base/book.cls
Document Class: book 2007/10/19 v1.4h Standard LaTeX document class
(d:/texlive/2013/texmf-dist/tex/latex/base/bk11.clo
File: bk11.clo 2007/10/19 v1.4h Standard LaTeX file (size option)
)
\c@part=\count79
\c@chapter=\count80
\c@section=\count81
\c@subsection=\count82
\c@subsubsection=\count83
\c@paragraph=\count84
\c@subparagraph=\count85
\c@figure=\count86
\c@table=\count87
\abovecaptionskip=\skip41
\belowcaptionskip=\skip42
\bibindent=\dimen102
)
(d:/texlive/2013/texmf-dist/tex/latex/base/inputenc.sty
Package: inputenc 2008/03/30 v1.1d Input encoding file
\inpenc@prehook=\toks14
\inpenc@posthook=\toks15

(d:/texlive/2013/texmf-dist/tex/latex/base/utf8.def
File: utf8.def 2008/04/05 v1.1m UTF-8 support for inputenc
Now handling font encoding OML ...
... no UTF-8 mapping file for font encoding OML
Now handling font encoding T1 ...
... processing UTF-8 mapping file for font encoding T1

(d:/texlive/2013/texmf-dist/tex/latex/base/t1enc.dfu
File: t1enc.dfu 2008/04/05 v1.1m UTF-8 support for inputenc
   defining Unicode char U+00A1 (decimal 161)
   defining Unicode char U+00A3 (decimal 163)
   defining Unicode char U+00AB (decimal 171)
   defining Unicode char U+00BB (decimal 187)
   defining Unicode char U+00BF (decimal 191)
   defining Unicode char U+00C0 (decimal 192)
   defining Unicode char U+00C1 (decimal 193)
   defining Unicode char U+00C2 (decimal 194)
   defining Unicode char U+00C3 (decimal 195)
   defining Unicode char U+00C4 (decimal 196)
   defining Unicode char U+00C5 (decimal 197)
   defining Unicode char U+00C6 (decimal 198)
   defining Unicode char U+00C7 (decimal 199)
   defining Unicode char U+00C8 (decimal 200)
   defining Unicode char U+00C9 (decimal 201)
   defining Unicode char U+00CA (decimal 202)
   defining Unicode char U+00CB (decimal 203)
   defining Unicode char U+00CC (decimal 204)
   defining Unicode char U+00CD (decimal 205)
   defining Unicode char U+00CE (decimal 206)
   defining Unicode char U+00CF (decimal 207)
   defining Unicode char U+00D0 (decimal 208)
   defining Unicode char U+00D1 (decimal 209)
   defining Unicode char U+00D2 (decimal 210)
   defining Unicode char U+00D3 (decimal 211)
   defining Unicode char U+00D4 (decimal 212)
   defining Unicode char U+00D5 (decimal 213)
   defining Unicode char U+00D6 (decimal 214)
   defining Unicode char U+00D8 (decimal 216)
   defining Unicode char U+00D9 (decimal 217)
   defining Unicode char U+00DA (decimal 218)
   defining Unicode char U+00DB (decimal 219)
   defining Unicode char U+00DC (decimal 220)
   defining Unicode char U+00DD (decimal 221)
   defining Unicode char U+00DE (decimal 222)
   defining Unicode char U+00DF (decimal 223)
   defining Unicode char U+00E0 (decimal 224)
   defining Unicode char U+00E1 (decimal 225)
   defining Unicode char U+00E2 (decimal 226)
   defining Unicode char U+00E3 (decimal 227)
   defining Unicode char U+00E4 (decimal 228)
   defining Unicode char U+00E5 (decimal 229)
   defining Unicode char U+00E6 (decimal 230)
   defining Unicode char U+00E7 (decimal 231)
   defining Unicode char U+00E8 (decimal 232)
   defining Unicode char U+00E9 (decimal 233)
   defining Unicode char U+00EA (decimal 234)
   defining Unicode char U+00EB (decimal 235)
   defining Unicode char U+00EC (decimal 236)
   defining Unicode char U+00ED (decimal 237)
   defining Unicode char U+00EE (decimal 238)
   defining Unicode char U+00EF (decimal 239)
   defining Unicode char U+00F0 (decimal 240)
   defining Unicode char U+00F1 (decimal 241)
   defining Unicode char U+00F2 (decimal 242)
   defining Unicode char U+00F3 (decimal 243)
   defining Unicode char U+00F4 (decimal 244)
   defining Unicode char U+00F5 (decimal 245)
   defining Unicode char U+00F6 (decimal 246)
   defining Unicode char U+00F8 (decimal 248)
   defining Unicode char U+00F9 (decimal 249)
   defining Unicode char U+00FA (decimal 250)
   defining Unicode char U+00FB (decimal 251)
   defining Unicode char U+00FC (decimal 252)
   defining Unicode char U+00FD (decimal 253)
   defining Unicode char U+00FE (decimal 254)
   defining Unicode char U+00FF (decimal 255)
   defining Unicode char U+0102 (decimal 258)
   defining Unicode char U+0103 (decimal 259)
   defining Unicode char U+0104 (decimal 260)
   defining Unicode char U+0105 (decimal 261)
   defining Unicode char U+0106 (decimal 262)
   defining Unicode char U+0107 (decimal 263)
   defining Unicode char U+010C (decimal 268)
   defining Unicode char U+010D (decimal 269)
   defining Unicode char U+010E (decimal 270)
   defining Unicode char U+010F (decimal 271)
   defining Unicode char U+0110 (decimal 272)
   defining Unicode char U+0111 (decimal 273)
   defining Unicode char U+0118 (decimal 280)
   defining Unicode char U+0119 (decimal 281)
   defining Unicode char U+011A (decimal 282)
   defining Unicode char U+011B (decimal 283)
   defining Unicode char U+011E (decimal 286)
   defining Unicode char U+011F (decimal 287)
   defining Unicode char U+0130 (decimal 304)
   defining Unicode char U+0131 (decimal 305)
   defining Unicode char U+0132 (decimal 306)
   defining Unicode char U+0133 (decimal 307)
   defining Unicode char U+0139 (decimal 313)
   defining Unicode char U+013A (decimal 314)
   defining Unicode char U+013D (decimal 317)
   defining Unicode char U+013E (decimal 318)
   defining Unicode char U+0141 (decimal 321)
   defining Unicode char U+0142 (decimal 322)
   defining Unicode char U+0143 (decimal 323)
   defining Unicode char U+0144 (decimal 324)
   defining Unicode char U+0147 (decimal 327)
   defining Unicode char U+0148 (decimal 328)
   defining Unicode char U+014A (decimal 330)
   defining Unicode char U+014B (decimal 331)
   defining Unicode char U+0150 (decimal 336)
   defining Unicode char U+0151 (decimal 337)
   defining Unicode char U+0152 (decimal 338)
   defining Unicode char U+0153 (decimal 339)
   defining Unicode char U+0154 (decimal 340)
   defining Unicode char U+0155 (decimal 341)
   defining Unicode char U+0158 (decimal 344)
   defining Unicode char U+0159 (decimal 345)
   defining Unicode char U+015A (decimal 346)
   defining Unicode char U+015B (decimal 347)
   defining Unicode char U+015E (decimal 350)
   defining Unicode char U+015F (decimal 351)
   defining Unicode char U+0160 (decimal 352)
   defining Unicode char U+0161 (decimal 353)
   defining Unicode char U+0162 (decimal 354)
   defining Unicode char U+0163 (decimal 355)
   defining Unicode char U+0164 (decimal 356)
   defining Unicode char U+0165 (decimal 357)
   defining Unicode char U+016E (decimal 366)
   defining Unicode char U+016F (decimal 367)
   defining Unicode char U+0170 (decimal 368)
   defining Unicode char U+0171 (decimal 369)
   defining Unicode char U+0178 (decimal 376)
   defining Unicode char U+0179 (decimal 377)
   defining Unicode char U+017A (decimal 378)
   defining Unicode char U+017B (decimal 379)
   defining Unicode char U+017C (decimal 380)
   defining Unicode char U+017D (decimal 381)
   defining Unicode char U+017E (decimal 382)
   defining Unicode char U+200C (decimal 8204)
   defining Unicode char U+2013 (decimal 8211)
   defining Unicode char U+2014 (decimal 8212)
   defining Unicode char U+2018 (decimal 8216)
   defining Unicode char U+2019 (decimal 8217)
   defining Unicode char U+201A (decimal 8218)
   defining Unicode char U+201C (decimal 8220)
   defining Unicode char U+201D (decimal 8221)
   defining Unicode char U+201E (decimal 8222)
   defining Unicode char U+2030 (decimal 8240)
   defining Unicode char U+2031 (decimal 8241)
   defining Unicode char U+2039 (decimal 8249)
   defining Unicode char U+203A (decimal 8250)
   defining Unicode char U+2423 (decimal 9251)
)
Now handling font encoding OT1 ...
... processing UTF-8 mapping file for font encoding OT1

(d:/texlive/2013/texmf-dist/tex/latex/base/ot1enc.dfu
File: ot1enc.dfu 2008/04/05 v1.1m UTF-8 support for inputenc
   defining Unicode char U+00A1 (decimal 161)
   defining Unicode char U+00A3 (decimal 163)
   defining Unicode char U+00B8 (decimal 184)
   defining Unicode char U+00BF (decimal 191)
   defining Unicode char U+00C5 (decimal 197)
   defining Unicode char U+00C6 (decimal 198)
   defining Unicode char U+00D8 (decimal 216)
   defining Unicode char U+00DF (decimal 223)
   defining Unicode char U+00E6 (decimal 230)
   defining Unicode char U+00EC (decimal 236)
   defining Unicode char U+00ED (decimal 237)
   defining Unicode char U+00EE (decimal 238)
   defining Unicode char U+00EF (decimal 239)
   defining Unicode char U+00F8 (decimal 248)
   defining Unicode char U+0131 (decimal 305)
   defining Unicode char U+0141 (decimal 321)
   defining Unicode char U+0142 (decimal 322)
   defining Unicode char U+0152 (decimal 338)
   defining Unicode char U+0153 (decimal 339)
   defining Unicode char U+2013 (decimal 8211)
   defining Unicode char U+2014 (decimal 8212)
   defining Unicode char U+2018 (decimal 8216)
   defining Unicode char U+2019 (decimal 8217)
   defining Unicode char U+201C (decimal 8220)
   defining Unicode char U+201D (decimal 8221)
)
Now handling font encoding OMS ...
... processing UTF-8 mapping file for font encoding OMS

(d:/texlive/2013/texmf-dist/tex/latex/base/omsenc.dfu
File: omsenc.dfu 2008/04/05 v1.1m UTF-8 support for inputenc
   defining Unicode char U+00A7 (decimal 167)
   defining Unicode char U+00B6 (decimal 182)
   defining Unicode char U+00B7 (decimal 183)
   defining Unicode char U+2020 (decimal 8224)
   defining Unicode char U+2021 (decimal 8225)
   defining Unicode char U+2022 (decimal 8226)
)
Now handling font encoding OMX ...
... no UTF-8 mapping file for font encoding OMX
Now handling font encoding U ...
... no UTF-8 mapping file for font encoding U
   defining Unicode char U+00A9 (decimal 169)
   defining Unicode char U+00AA (decimal 170)
   defining Unicode char U+00AE (decimal 174)
   defining Unicode char U+00BA (decimal 186)
   defining Unicode char U+02C6 (decimal 710)
   defining Unicode char U+02DC (decimal 732)
   defining Unicode char U+200C (decimal 8204)
   defining Unicode char U+2026 (decimal 8230)
   defining Unicode char U+2122 (decimal 8482)
   defining Unicode char U+2423 (decimal 9251)
))
(d:/texlive/2013/texmf-dist/tex/latex/base/textcomp.sty
Package: textcomp 2005/09/27 v1.99g Standard LaTeX package
Package textcomp Info: Sub-encoding information:
(textcomp)               5 = only ISO-Adobe without \textcurrency
(textcomp)               4 = 5 + \texteuro
(textcomp)               3 = 4 + \textohm
(textcomp)               2 = 3 + \textestimated + \textcurrency
(textcomp)               1 = TS1 - \textcircled - \t
(textcomp)               0 = TS1 (full)
(textcomp)             Font families with sub-encoding setting implement
(textcomp)             only a restricted character set as indicated.
(textcomp)             Family '?' is the default used for unknown fonts.
(textcomp)             See the documentation for details.
Package textcomp Info: Setting ? sub-encoding to TS1/1 on input line 71.

(d:/texlive/2013/texmf-dist/tex/latex/base/ts1enc.def
File: ts1enc.def 2001/06/05 v3.0e (jk/car/fm) Standard LaTeX file
Now handling font encoding TS1 ...
... processing UTF-8 mapping file for font encoding TS1

(d:/texlive/2013/texmf-dist/tex/latex/base/ts1enc.dfu
File: ts1enc.dfu 2008/04/05 v1.1m UTF-8 support for inputenc
   defining Unicode char U+00A2 (decimal 162)
   defining Unicode char U+00A3 (decimal 163)
   defining Unicode char U+00A4 (decimal 164)
   defining Unicode char U+00A5 (decimal 165)
   defining Unicode char U+00A6 (decimal 166)
   defining Unicode char U+00A7 (decimal 167)
   defining Unicode char U+00A8 (decimal 168)
   defining Unicode char U+00A9 (decimal 169)
   defining Unicode char U+00AA (decimal 170)
   defining Unicode char U+00AC (decimal 172)
   defining Unicode char U+00AE (decimal 174)
   defining Unicode char U+00AF (decimal 175)
   defining Unicode char U+00B0 (decimal 176)
   defining Unicode char U+00B1 (decimal 177)
   defining Unicode char U+00B2 (decimal 178)
   defining Unicode char U+00B3 (decimal 179)
   defining Unicode char U+00B4 (decimal 180)
   defining Unicode char U+00B5 (decimal 181)
   defining Unicode char U+00B6 (decimal 182)
   defining Unicode char U+00B7 (decimal 183)
   defining Unicode char U+00B9 (decimal 185)
   defining Unicode char U+00BA (decimal 186)
   defining Unicode char U+00BC (decimal 188)
   defining Unicode char U+00BD (decimal 189)
   defining Unicode char U+00BE (decimal 190)
   defining Unicode char U+00D7 (decimal 215)
   defining Unicode char U+00F7 (decimal 247)
   defining Unicode char U+0192 (decimal 402)
   defining Unicode char U+02C7 (decimal 711)
   defining Unicode char U+02D8 (decimal 728)
   defining Unicode char U+02DD (decimal 733)
   defining Unicode char U+0E3F (decimal 3647)
   defining Unicode char U+2016 (decimal 8214)
   defining Unicode char U+2020 (decimal 8224)
   defining Unicode char U+2021 (decimal 8225)
   defining Unicode char U+2022 (decimal 8226)
   defining Unicode char U+2030 (decimal 8240)
   defining Unicode char U+2031 (decimal 8241)
   defining Unicode char U+203B (decimal 8251)
   defining Unicode char U+203D (decimal 8253)
   defining Unicode char U+2044 (decimal 8260)
   defining Unicode char U+204E (decimal 8270)
   defining Unicode char U+2052 (decimal 8274)
   defining Unicode char U+20A1 (decimal 8353)
   defining Unicode char U+20A4 (decimal 8356)
   defining Unicode char U+20A6 (decimal 8358)
   defining Unicode char U+20A9 (decimal 8361)
   defining Unicode char U+20AB (decimal 8363)
   defining Unicode char U+20AC (decimal 8364)
   defining Unicode char U+20B1 (decimal 8369)
   defining Unicode char U+2103 (decimal 8451)
   defining Unicode char U+2116 (decimal 8470)
   defining Unicode char U+2117 (decimal 8471)
   defining Unicode char U+211E (decimal 8478)
   defining Unicode char U+2120 (decimal 8480)
   defining Unicode char U+2122 (decimal 8482)
   defining Unicode char U+2126 (decimal 8486)
   defining Unicode char U+2127 (decimal 8487)
   defining Unicode char U+212E (decimal 8494)
   defining Unicode char U+2190 (decimal 8592)
   defining Unicode char U+2191 (decimal 8593)
   defining Unicode char U+2192 (decimal 8594)
   defining Unicode char U+2193 (decimal 8595)
   defining Unicode char U+2329 (decimal 9001)
   defining Unicode char U+232A (decimal 9002)
   defining Unicode char U+2422 (decimal 9250)
   defining Unicode char U+25E6 (decimal 9702)
   defining Unicode char U+25EF (decimal 9711)
   defining Unicode char U+266A (decimal 9834)
))
LaTeX Info: Redefining \oldstylenums on input line 266.
Package textcomp Info: Setting cmr sub-encoding to TS1/0 on input line 281.
Package textcomp Info: Setting cmss sub-encoding to TS1/0 on input line 282.
Package textcomp Info: Setting cmtt sub-encoding to TS1/0 on input line 283.
Package textcomp Info: Setting cmvtt sub-encoding to TS1/0 on input line 284.
Package textcomp Info: Setting cmbr sub-encoding to TS1/0 on input line 285.
Package textcomp Info: Setting cmtl sub-encoding to TS1/0 on input line 286.
Package textcomp Info: Setting ccr sub-encoding to TS1/0 on input line 287.
Package textcomp Info: Setting ptm sub-encoding to TS1/4 on input line 288.
Package textcomp Info: Setting pcr sub-encoding to TS1/4 on input line 289.
Package textcomp Info: Setting phv sub-encoding to TS1/4 on input line 290.
Package textcomp Info: Setting ppl sub-encoding to TS1/3 on input line 291.
Package textcomp Info: Setting pag sub-encoding to TS1/4 on input line 292.
Package textcomp Info: Setting pbk sub-encoding to TS1/4 on input line 293.
Package textcomp Info: Setting pnc sub-encoding to TS1/4 on input line 294.
Package textcomp Info: Setting pzc sub-encoding to TS1/4 on input line 295.
Package textcomp Info: Setting bch sub-encoding to TS1/4 on input line 296.
Package textcomp Info: Setting put sub-encoding to TS1/5 on input line 297.
Package textcomp Info: Setting uag sub-encoding to TS1/5 on input line 298.
Package textcomp Info: Setting ugq sub-encoding to TS1/5 on input line 299.
Package textcomp Info: Setting ul8 sub-encoding to TS1/4 on input line 300.
Package textcomp Info: Setting ul9 sub-encoding to TS1/4 on input line 301.
Package textcomp Info: Setting augie sub-encoding to TS1/5 on input line 302.
Package textcomp Info: Setting dayrom sub-encoding to TS1/3 on input line 303.
Package textcomp Info: Setting dayroms sub-encoding to TS1/3 on input line 304.

Package textcomp Info: Setting pxr sub-encoding to TS1/0 on input line 305.
Package textcomp Info: Setting pxss sub-encoding to TS1/0 on input line 306.
Package textcomp Info: Setting pxtt sub-encoding to TS1/0 on input line 307.
Package textcomp Info: Setting txr sub-encoding to TS1/0 on input line 308.
Package textcomp Info: Setting txss sub-encoding to TS1/0 on input line 309.
Package textcomp Info: Setting txtt sub-encoding to TS1/0 on input line 310.
Package textcomp Info: Setting lmr sub-encoding to TS1/0 on input line 311.
Package textcomp Info: Setting lmdh sub-encoding to TS1/0 on input line 312.
Package textcomp Info: Setting lmss sub-encoding to TS1/0 on input line 313.
Package textcomp Info: Setting lmssq sub-encoding to TS1/0 on input line 314.
Package textcomp Info: Setting lmvtt sub-encoding to TS1/0 on input line 315.
Package textcomp Info: Setting qhv sub-encoding to TS1/0 on input line 316.
Package textcomp Info: Setting qag sub-encoding to TS1/0 on input line 317.
Package textcomp Info: Setting qbk sub-encoding to TS1/0 on input line 318.
Package textcomp Info: Setting qcr sub-encoding to TS1/0 on input line 319.
Package textcomp Info: Setting qcs sub-encoding to TS1/0 on input line 320.
Package textcomp Info: Setting qpl sub-encoding to TS1/0 on input line 321.
Package textcomp Info: Setting qtm sub-encoding to TS1/0 on input line 322.
Package textcomp Info: Setting qzc sub-encoding to TS1/0 on input line 323.
Package textcomp Info: Setting qhvc sub-encoding to TS1/0 on input line 324.
Package textcomp Info: Setting futs sub-encoding to TS1/4 on input line 325.
Package textcomp Info: Setting futx sub-encoding to TS1/4 on input line 326.
Package textcomp Info: Setting futj sub-encoding to TS1/4 on input line 327.
Package textcomp Info: Setting hlh sub-encoding to TS1/3 on input line 328.
Package textcomp Info: Setting hls sub-encoding to TS1/3 on input line 329.
Package textcomp Info: Setting hlst sub-encoding to TS1/3 on input line 330.
Package textcomp Info: Setting hlct sub-encoding to TS1/5 on input line 331.
Package textcomp Info: Setting hlx sub-encoding to TS1/5 on input line 332.
Package textcomp Info: Setting hlce sub-encoding to TS1/5 on input line 333.
Package textcomp Info: Setting hlcn sub-encoding to TS1/5 on input line 334.
Package textcomp Info: Setting hlcw sub-encoding to TS1/5 on input line 335.
Package textcomp Info: Setting hlcf sub-encoding to TS1/5 on input line 336.
Package textcomp Info: Setting pplx sub-encoding to TS1/3 on input line 337.
Package textcomp Info: Setting pplj sub-encoding to TS1/3 on input line 338.
Package textcomp Info: Setting ptmx sub-encoding to TS1/4 on input line 339.
Package textcomp Info: Setting ptmj sub-encoding to TS1/4 on input line 340.
)
(d:/texlive/2013/texmf-dist/tex/latex/base/fontenc.sty
Package: fontenc 2005/09/27 v1.99g Standard LaTeX package

(d:/texlive/2013/texmf-dist/tex/latex/base/t1enc.def
File: t1enc.def 2005/09/27 v1.99g Standard LaTeX file
LaTeX Font Info:    Redeclaring font encoding T1 on input line 43.
))
(d:/texlive/2013/texmf-dist/tex/latex/geometry/geometry.sty
Package: geometry 2010/09/12 v5.6 Page Geometry

(d:/texlive/2013/texmf-dist/tex/latex/graphics/keyval.sty
Package: keyval 1999/03/16 v1.13 key=value parser (DPC)
\KV@toks@=\toks16
)
(d:/texlive/2013/texmf-dist/tex/generic/oberdiek/ifpdf.sty
Package: ifpdf 2011/01/30 v2.3 Provides the ifpdf switch (HO)
Package ifpdf Info: pdfTeX in PDF mode is detected.
)
(d:/texlive/2013/texmf-dist/tex/generic/oberdiek/ifvtex.sty
Package: ifvtex 2010/03/01 v1.5 Detect VTeX and its facilities (HO)
Package ifvtex Info: VTeX not detected.
)
(d:/texlive/2013/texmf-dist/tex/generic/ifxetex/ifxetex.sty
Package: ifxetex 2010/09/12 v0.6 Provides ifxetex conditional
)
\Gm@cnth=\count88
\Gm@cntv=\count89
\c@Gm@tempcnt=\count90
\Gm@bindingoffset=\dimen103
\Gm@wd@mp=\dimen104
\Gm@odd@mp=\dimen105
\Gm@even@mp=\dimen106
\Gm@layoutwidth=\dimen107
\Gm@layoutheight=\dimen108
\Gm@layouthoffset=\dimen109
\Gm@layoutvoffset=\dimen110
\Gm@dimlist=\toks17
)
(d:/texlive/2013/texmf-dist/tex/latex/amsmath/amsmath.sty
Package: amsmath 2013/01/14 v2.14 AMS math features
\@mathmargin=\skip43

For additional information on amsmath, use the `?' option.
(d:/texlive/2013/texmf-dist/tex/latex/amsmath/amstext.sty
Package: amstext 2000/06/29 v2.01

(d:/texlive/2013/texmf-dist/tex/latex/amsmath/amsgen.sty
File: amsgen.sty 1999/11/30 v2.0
\@emptytoks=\toks18
\ex@=\dimen111
))
(d:/texlive/2013/texmf-dist/tex/latex/amsmath/amsbsy.sty
Package: amsbsy 1999/11/29 v1.2d
\pmbraise@=\dimen112
)
(d:/texlive/2013/texmf-dist/tex/latex/amsmath/amsopn.sty
Package: amsopn 1999/12/14 v2.01 operator names
)
\inf@bad=\count91
LaTeX Info: Redefining \frac on input line 210.
\uproot@=\count92
\leftroot@=\count93
LaTeX Info: Redefining \overline on input line 306.
\classnum@=\count94
\DOTSCASE@=\count95
LaTeX Info: Redefining \ldots on input line 378.
LaTeX Info: Redefining \dots on input line 381.
LaTeX Info: Redefining \cdots on input line 466.
\Mathstrutbox@=\box26
\strutbox@=\box27
\big@size=\dimen113
LaTeX Font Info:    Redeclaring font encoding OML on input line 566.
LaTeX Font Info:    Redeclaring font encoding OMS on input line 567.
\macc@depth=\count96
\c@MaxMatrixCols=\count97
\dotsspace@=\muskip10
\c@parentequation=\count98
\dspbrk@lvl=\count99
\tag@help=\toks19
\row@=\count100
\column@=\count101
\maxfields@=\count102
\andhelp@=\toks20
\eqnshift@=\dimen114
\alignsep@=\dimen115
\tagshift@=\dimen116
\tagwidth@=\dimen117
\totwidth@=\dimen118
\lineht@=\dimen119
\@envbody=\toks21
\multlinegap=\skip44
\multlinetaggap=\skip45
\mathdisplay@stack=\toks22
LaTeX Info: Redefining \[ on input line 2665.
LaTeX Info: Redefining \] on input line 2666.
)
(d:/texlive/2013/texmf-dist/tex/generic/babel/babel.sty
Package: babel 2014/03/24 3.9k The Babel package

(d:/texlive/2013/texmf-dist/tex/generic/babel-french/frenchb.ldf
Language: frenchb 2014/03/14 v3.0b French support from the babel system

(d:/texlive/2013/texmf-dist/tex/generic/babel/babel.def
File: babel.def 2014/03/24 3.9k Babel common definitions
\babel@savecnt=\count103
\U@D=\dimen120
)
\l@acadian = a dialect from \language\l@french 
\l@canadien = a dialect from \language\l@french 
\FBcolonskip=\skip46
\FBthinskip=\skip47
\FB@interchartokenstateORI=\count104
Package babel Info: Making : an active character on input line 367.
Package babel Info: Making ; an active character on input line 368.
Package babel Info: Making ! an active character on input line 369.
Package babel Info: Making ? an active character on input line 370.
\FBguillskip=\skip48
\FB@Mht=\dimen121
\std@mcc=\count105
\dec@mcc=\count106
\listindentFB=\skip49
\labelwidthFB=\skip50
\leftmarginFB=\skip51
\parindentFFN=\dimen122
))
(d:/texlive/2013/texmf-dist/tex/latex/carlisle/scalefnt.sty)
(d:/texlive/2013/texmf-dist/tex/latex/graphics/graphicx.sty
Package: graphicx 1999/02/16 v1.0f Enhanced LaTeX Graphics (DPC,SPQR)

(d:/texlive/2013/texmf-dist/tex/latex/graphics/graphics.sty
Package: graphics 2009/02/05 v1.0o Standard LaTeX Graphics (DPC,SPQR)

(d:/texlive/2013/texmf-dist/tex/latex/graphics/trig.sty
Package: trig 1999/03/16 v1.09 sin cos tan (DPC)
)
(d:/texlive/2013/texmf-dist/tex/latex/latexconfig/graphics.cfg
File: graphics.cfg 2010/04/23 v1.9 graphics configuration of TeX Live
)
Package graphics Info: Driver file: pdftex.def on input line 91.

(d:/texlive/2013/texmf-dist/tex/latex/pdftex-def/pdftex.def
File: pdftex.def 2011/05/27 v0.06d Graphics/color for pdfTeX

(d:/texlive/2013/texmf-dist/tex/generic/oberdiek/infwarerr.sty
Package: infwarerr 2010/04/08 v1.3 Providing info/warning/error messages (HO)
)
(d:/texlive/2013/texmf-dist/tex/generic/oberdiek/ltxcmds.sty
Package: ltxcmds 2011/11/09 v1.22 LaTeX kernel commands for general use (HO)
)
\Gread@gobject=\count107
))
\Gin@req@height=\dimen123
\Gin@req@width=\dimen124
)
(d:/texlive/2013/texmf-dist/tex/latex/siunitx/siunitx.sty
(d:/texlive/2013/texmf-dist/tex/latex/l3kernel/expl3.sty
(d:/texlive/2013/texmf-dist/tex/latex/l3kernel/l3names.sty
(d:/texlive/2013/texmf-dist/tex/latex/l3kernel/l3bootstrap.sty
Package: l3bootstrap 2014/01/04 v4640 L3 Experimental bootstrap code
)
Package: l3names 2014/01/04 v4640 L3 Namespace for primitives
)
(d:/texlive/2013/texmf-dist/tex/latex/etex-pkg/etex.sty
Package: etex 1998/03/26 v2.0 eTeX basic definition package (PEB)
\et@xins=\count108
)
Package: expl3 2014/01/07 v4646 L3 Experimental code bundle wrapper

(d:/texlive/2013/texmf-dist/tex/latex/l3kernel/l3basics.sty
Package: l3basics 2014/01/04 v4642 L3 Basic definitions
)
(d:/texlive/2013/texmf-dist/tex/latex/l3kernel/l3expan.sty
Package: l3expan 2014/01/04 v4642 L3 Argument expansion
)
(d:/texlive/2013/texmf-dist/tex/latex/l3kernel/l3tl.sty
Package: l3tl 2013/12/27 v4625 L3 Token lists
)
(d:/texlive/2013/texmf-dist/tex/latex/l3kernel/l3seq.sty
Package: l3seq 2013/12/14 v4623 L3 Sequences and stacks
)
(d:/texlive/2013/texmf-dist/tex/latex/l3kernel/l3int.sty
Package: l3int 2013/08/02 v4583 L3 Integers
\c_max_int=\count109
\l_tmpa_int=\count110
\l_tmpb_int=\count111
\g_tmpa_int=\count112
\g_tmpb_int=\count113
)
(d:/texlive/2013/texmf-dist/tex/latex/l3kernel/l3quark.sty
Package: l3quark 2013/12/14 v4623 L3 Quarks
)
(d:/texlive/2013/texmf-dist/tex/latex/l3kernel/l3prg.sty
Package: l3prg 2014/01/04 v4642 L3 Control structures
\g__prg_map_int=\count114
)
(d:/texlive/2013/texmf-dist/tex/latex/l3kernel/l3clist.sty
Package: l3clist 2013/07/28 v4581 L3 Comma separated lists
)
(d:/texlive/2013/texmf-dist/tex/latex/l3kernel/l3token.sty
Package: l3token 2013/08/25 v4587 L3 Experimental token manipulation
)
(d:/texlive/2013/texmf-dist/tex/latex/l3kernel/l3prop.sty
Package: l3prop 2013/12/14 v4623 L3 Property lists
)
(d:/texlive/2013/texmf-dist/tex/latex/l3kernel/l3msg.sty
Package: l3msg 2013/07/28 v4581 L3 Messages
)
(d:/texlive/2013/texmf-dist/tex/latex/l3kernel/l3file.sty
Package: l3file 2013/10/13 v4596 L3 File and I/O operations
\l_iow_line_count_int=\count115
\l__iow_target_count_int=\count116
\l__iow_current_line_int=\count117
\l__iow_current_word_int=\count118
\l__iow_current_indentation_int=\count119
)
(d:/texlive/2013/texmf-dist/tex/latex/l3kernel/l3skip.sty
Package: l3skip 2013/07/28 v4581 L3 Dimensions and skips
\c_zero_dim=\dimen125
\c_max_dim=\dimen126
\l_tmpa_dim=\dimen127
\l_tmpb_dim=\dimen128
\g_tmpa_dim=\dimen129
\g_tmpb_dim=\dimen130
\c_zero_skip=\skip52
\c_max_skip=\skip53
\l_tmpa_skip=\skip54
\l_tmpb_skip=\skip55
\g_tmpa_skip=\skip56
\g_tmpb_skip=\skip57
\c_zero_muskip=\muskip11
\c_max_muskip=\muskip12
\l_tmpa_muskip=\muskip13
\l_tmpb_muskip=\muskip14
\g_tmpa_muskip=\muskip15
\g_tmpb_muskip=\muskip16
)
(d:/texlive/2013/texmf-dist/tex/latex/l3kernel/l3keys.sty
Package: l3keys 2013/12/08 v4614 L3 Experimental key-value interfaces
\g__keyval_level_int=\count120
\l_keys_choice_int=\count121
)
(d:/texlive/2013/texmf-dist/tex/latex/l3kernel/l3fp.sty
Package: l3fp 2014/01/04 v4642 L3 Floating points
\c__fp_leading_shift_int=\count122
\c__fp_middle_shift_int=\count123
\c__fp_trailing_shift_int=\count124
\c__fp_big_leading_shift_int=\count125
\c__fp_big_middle_shift_int=\count126
\c__fp_big_trailing_shift_int=\count127
\c__fp_Bigg_leading_shift_int=\count128
\c__fp_Bigg_middle_shift_int=\count129
\c__fp_Bigg_trailing_shift_int=\count130
)
(d:/texlive/2013/texmf-dist/tex/latex/l3kernel/l3box.sty
Package: l3box 2013/07/28 v4581 L3 Experimental boxes
\c_empty_box=\box28
\l_tmpa_box=\box29
\l_tmpb_box=\box30
\g_tmpa_box=\box31
\g_tmpb_box=\box32
)
(d:/texlive/2013/texmf-dist/tex/latex/l3kernel/l3coffins.sty
Package: l3coffins 2013/12/14 v4624 L3 Coffin code layer
\l__coffin_internal_box=\box33
\l__coffin_internal_dim=\dimen131
\l__coffin_offset_x_dim=\dimen132
\l__coffin_offset_y_dim=\dimen133
\l__coffin_x_dim=\dimen134
\l__coffin_y_dim=\dimen135
\l__coffin_x_prime_dim=\dimen136
\l__coffin_y_prime_dim=\dimen137
\c_empty_coffin=\box34
\l__coffin_aligned_coffin=\box35
\l__coffin_aligned_internal_coffin=\box36
\l_tmpa_coffin=\box37
\l_tmpb_coffin=\box38
\l__coffin_display_coffin=\box39
\l__coffin_display_coord_coffin=\box40
\l__coffin_display_pole_coffin=\box41
\l__coffin_display_offset_dim=\dimen138
\l__coffin_display_x_dim=\dimen139
\l__coffin_display_y_dim=\dimen140
)
(d:/texlive/2013/texmf-dist/tex/latex/l3kernel/l3color.sty
Package: l3color 2012/08/29 v4156 L3 Experimental color support
)
(d:/texlive/2013/texmf-dist/tex/latex/l3kernel/l3luatex.sty
Package: l3luatex 2013/07/28 v4581 L3 Experimental LuaTeX-specific functions
\g__cctab_allocate_int=\count131
\g__cctab_stack_int=\count132
)
(d:/texlive/2013/texmf-dist/tex/latex/l3kernel/l3candidates.sty
Package: l3candidates 2014/01/06 v4643 L3 Experimental additions to l3kernel
\l__box_top_dim=\dimen141
\l__box_bottom_dim=\dimen142
\l__box_left_dim=\dimen143
\l__box_right_dim=\dimen144
\l__box_top_new_dim=\dimen145
\l__box_bottom_new_dim=\dimen146
\l__box_left_new_dim=\dimen147
\l__box_right_new_dim=\dimen148
\l__box_internal_box=\box42
\l__coffin_bounding_shift_dim=\dimen149
\l__coffin_left_corner_dim=\dimen150
\l__coffin_right_corner_dim=\dimen151
\l__coffin_bottom_corner_dim=\dimen152
\l__coffin_top_corner_dim=\dimen153
\l__coffin_scaled_total_height_dim=\dimen154
\l__coffin_scaled_width_dim=\dimen155
))
(d:/texlive/2013/texmf-dist/tex/latex/l3packages/xparse/xparse.sty
Package: xparse 2013/12/31 v4634 L3 Experimental document command parser
\l__xparse_current_arg_int=\count133
\l__xparse_m_args_int=\count134
\l__xparse_mandatory_args_int=\count135
\l__xparse_processor_int=\count136
\l__xparse_v_nesting_int=\count137
)
Package: siunitx 2013/07/31 v2.5s A comprehensive (SI) units package

(d:/texlive/2013/texmf-dist/tex/latex/tools/array.sty
Package: array 2008/09/09 v2.4c Tabular extension package (FMi)
\col@sep=\dimen156
\extrarowheight=\dimen157
\NC@list=\toks23
\extratabsurround=\skip58
\backup@length=\skip59
)
(d:/texlive/2013/texmf-dist/tex/latex/l3packages/l3keys2e/l3keys2e.sty
Package: l3keys2e 2013/12/31 v4634 LaTeX2e option processing using LaTeX3 keys
)
Variant \tl_if_blank:VTF already defined; not changing it on line 50
\l__siunitx_tmp_box=\box43
\l__siunitx_tmp_dim=\dimen158
\l__siunitx_tmp_int=\count138
Variant \prop_get:NVNT already defined; not changing it on line 371
Variant \prop_get:NVNF already defined; not changing it on line 372
Variant \prop_get:NVNTF already defined; not changing it on line 373
\l__siunitx_number_mantissa_length_int=\count139
\l__siunitx_number_uncert_length_int=\count140
\l__siunitx_round_int=\count141
\l__siunitx_process_decimal_int=\count142
\l__siunitx_process_uncertainty_int=\count143
\l__siunitx_process_fixed_int=\count144
\l__siunitx_process_integer_min_int=\count145
\l__siunitx_process_precision_int=\count146
\l__siunitx_group_min_int=\count147
\l__siunitx_angle_marker_box=\box44
\l__siunitx_angle_unit_box=\box45
\l__siunitx_angle_marker_dim=\dimen159
\l__siunitx_angle_unit_dim=\dimen160
\l__siunitx_unit_int=\count148
\l__siunitx_unit_denominator_int=\count149
\l__siunitx_unit_numerator_int=\count150
\l__siunitx_unit_prefix_int=\count151
\l__siunitx_unit_prefix_base_int=\count152
\l__siunitx_unit_prefix_gram_int=\count153
\l__siunitx_number_product_int=\count154
\c__siunitx_one_fill_skip=\skip60
\l__siunitx_table_unit_align_skip=\skip61
\l__siunitx_table_exponent_dim=\dimen161
\l__siunitx_table_integer_dim=\dimen162
\l__siunitx_table_mantissa_dim=\dimen163
\l__siunitx_table_marker_dim=\dimen164
\l__siunitx_table_result_dim=\dimen165
\l__siunitx_table_uncert_dim=\dimen166
\l__siunitx_table_fill_pre_dim=\dimen167
\l__siunitx_table_fill_post_dim=\dimen168
\l__siunitx_table_fill_mid_dim=\dimen169
\l__siunitx_table_pre_box=\box46
\l__siunitx_table_post_box=\box47
\l__siunitx_table_mantissa_box=\box48
\l__siunitx_table_result_box=\box49
\l__siunitx_table_number_align_skip=\skip62
\l__siunitx_table_text_align_skip=\skip63
.................................................
. LaTeX info: "xparse/define-command"
. 
. Defining document command \DeclareBinaryPrefix with arg. spec. 'mmm' on line
. 7101.
.................................................
.................................................
. LaTeX info: "xparse/define-command"
. 
. Defining document command \DeclareSIPostPower with arg. spec. 'mm' on line
. 7104.
.................................................
.................................................
. LaTeX info: "xparse/define-command"
. 
. Defining document command \DeclareSIPrefix with arg. spec. 'mmm' on line
. 7107.
.................................................
.................................................
. LaTeX info: "xparse/define-command"
. 
. Defining document command \DeclareSIPrePower with arg. spec. 'mm' on line
. 7110.
.................................................
.................................................
. LaTeX info: "xparse/define-command"
. 
. Defining document command \DeclareSIQualifier with arg. spec. 'mm' on line
. 7113.
.................................................
.................................................
. LaTeX info: "xparse/define-command"
. 
. Defining document command \DeclareSIUnit with arg. spec. 'O{}mm' on line
. 7116.
.................................................
.................................................
. LaTeX info: "xparse/define-command"
. 
. Defining document command \DeclareSIUnitWithOptions with arg. spec. 'mmm' on
. line 7119.
.................................................
.................................................
. LaTeX info: "xparse/define-command"
. 
. Defining document command \ang with arg. spec. 'o>{\SplitArgument {2}{;}}m'
. on line 7134.
.................................................
.................................................
. LaTeX info: "xparse/define-command"
. 
. Defining document command \num with arg. spec. 'om' on line 7142.
.................................................
.................................................
. LaTeX info: "xparse/define-command"
. 
. Defining document command \numlist with arg. spec. 'o>{\SplitList {;}}m' on
. line 7150.
.................................................
.................................................
. LaTeX info: "xparse/define-command"
. 
. Defining document command \numrange with arg. spec. 'omm' on line 7158.
.................................................
.................................................
. LaTeX info: "xparse/define-command"
. 
. Defining document command \SIlist with arg. spec. 'o>{\SplitList {;}}mm' on
. line 7169.
.................................................
.................................................
. LaTeX info: "xparse/define-command"
. 
. Defining document command \SIrange with arg. spec. 'ommm' on line 7180.
.................................................
.................................................
. LaTeX info: "xparse/define-command"
. 
. Defining document command \SI with arg. spec. 'omom' on line 7191.
.................................................
.................................................
. LaTeX info: "xparse/define-command"
. 
. Defining document command \sisetup with arg. spec. 'm' on line 7194.
.................................................
.................................................
. LaTeX info: "xparse/define-command"
. 
. Defining document command \tablenum with arg. spec. 'om' on line 7206.
.................................................
.................................................
. LaTeX info: "xparse/define-command"
. 
. Defining document command \si with arg. spec. 'om' on line 7217.
.................................................
.................................................
. LaTeX info: "xparse/define-command"
. 
. Defining document command \__siunitx_bookmark_num:w with arg. spec. 'om' on
. line 7262.
.................................................
.................................................
. LaTeX info: "xparse/define-command"
. 
. Defining document command \__siunitx_bookmark_numrange:w with arg. spec.
. 'omm' on line 7264.
.................................................
.................................................
. LaTeX info: "xparse/define-command"
. 
. Defining document command \__siunitx_bookmark_SI:w with arg. spec. 'omom' on
. line 7266.
.................................................
.................................................
. LaTeX info: "xparse/define-command"
. 
. Defining document command \__siunitx_bookmark_SIlist:w with arg. spec. 'omm'
. on line 7268.
.................................................
.................................................
. LaTeX info: "xparse/define-command"
. 
. Defining document command \__siunitx_bookmark_SIrange:w with arg. spec.
. 'ommm' on line 7270.
.................................................
.................................................
. LaTeX info: "xparse/define-command"
. 
. Defining document command \__siunitx_bookmark_si:w with arg. spec. 'om' on
. line 7271.
.................................................
\g__file_internal_ior=\read1

(d:/texlive/2013/texmf-dist/tex/latex/beamer/translator/translator.sty
Package: translator 2010/06/12 ver 1.10

(d:/texlive/2013/texmf-dist/tex/latex/beamer/translator/translator-language-map
pings.tex))) (d:/texlive/2013/texmf-dist/tex/latex/caption/caption.sty
Package: caption 2013/05/02 v3.3-89 Customizing captions (AR)

(d:/texlive/2013/texmf-dist/tex/latex/caption/caption3.sty
Package: caption3 2013/05/02 v1.6-88 caption3 kernel (AR)
Package caption3 Info: TeX engine: e-TeX on input line 57.
\captionmargin=\dimen170
\captionmargin@=\dimen171
\captionwidth=\dimen172
\caption@tempdima=\dimen173
\caption@indent=\dimen174
\caption@parindent=\dimen175
\caption@hangindent=\dimen176
)
\c@ContinuedFloat=\count155
)
(d:/texlive/2013/texmf-dist/tex/latex/tools/verbatim.sty
Package: verbatim 2003/08/22 v1.5q LaTeX2e package for verbatim enhancements
\every@verbatim=\toks24
\verbatim@line=\toks25
\verbatim@in@stream=\read2
)
(d:/texlive/2013/texmf-dist/tex/latex/tocbibind/tocbibind.sty
Package: tocbibind 2010/10/13 v1.5k extra ToC listings
Package tocbibind Info: The document has chapter divisions on input line 50.


Package tocbibind Note: Using chapter style headings, unless overridden.

) (d:/texlive/2013/texmf-dist/tex/latex/xcolor/xcolor.sty
Package: xcolor 2007/01/21 v2.11 LaTeX color extensions (UK)

(d:/texlive/2013/texmf-dist/tex/latex/latexconfig/color.cfg
File: color.cfg 2007/01/18 v1.5 color configuration of teTeX/TeXLive
)
Package xcolor Info: Driver file: pdftex.def on input line 225.
Package xcolor Info: Model `cmy' substituted by `cmy0' on input line 1337.
Package xcolor Info: Model `hsb' substituted by `rgb' on input line 1341.
Package xcolor Info: Model `RGB' extended on input line 1353.
Package xcolor Info: Model `HTML' substituted by `rgb' on input line 1355.
Package xcolor Info: Model `Hsb' substituted by `hsb' on input line 1356.
Package xcolor Info: Model `tHsb' substituted by `hsb' on input line 1357.
Package xcolor Info: Model `HSB' substituted by `hsb' on input line 1358.
Package xcolor Info: Model `Gray' substituted by `gray' on input line 1359.
Package xcolor Info: Model `wave' substituted by `hsb' on input line 1360.
)
(d:/texlive/2013/texmf-dist/tex/latex/tools/tabularx.sty
Package: tabularx 1999/01/07 v2.07 `tabularx' package (DPC)
\TX@col@width=\dimen177
\TX@old@table=\dimen178
\TX@old@col=\dimen179
\TX@target=\dimen180
\TX@delta=\dimen181
\TX@cols=\count156
\TX@ftn=\toks26
)
(d:/texlive/2013/texmf-dist/tex/latex/fancyhdr/fancyhdr.sty
\fancy@headwidth=\skip64
\f@ncyO@elh=\skip65
\f@ncyO@erh=\skip66
\f@ncyO@olh=\skip67
\f@ncyO@orh=\skip68
\f@ncyO@elf=\skip69
\f@ncyO@erf=\skip70
\f@ncyO@olf=\skip71
\f@ncyO@orf=\skip72
)
(d:/texlive/2013/texmf-dist/tex/latex/rotating/rotating.sty
Package: rotating 2009/03/28 v2.16a rotated objects in LaTeX

(d:/texlive/2013/texmf-dist/tex/latex/base/ifthen.sty
Package: ifthen 2001/05/26 v1.1c Standard LaTeX ifthen package (DPC)
)
\c@r@tfl@t=\count157
\rotFPtop=\skip73
\rotFPbot=\skip74
\rot@float@box=\box50
\rot@mess@toks=\toks27
)
(d:/texlive/2013/texmf-dist/tex/latex/fancyvrb/fancyvrb.sty
Package: fancyvrb 2008/02/07

Style option: `fancyvrb' v2.7a, with DG/SPQR fixes, and firstline=lastline fix 
<2008/02/07> (tvz)
\FV@CodeLineNo=\count158
\FV@InFile=\read3
\FV@TabBox=\box51
\c@FancyVerbLine=\count159
\FV@StepNumber=\count160
\FV@OutFile=\write3
)
(d:/texlive/2013/texmf-dist/tex/latex/adjustbox/adjustbox.sty
Package: adjustbox 2012/05/21 v1.0 Adjusting TeX boxes (trim, clip, ...)

(d:/texlive/2013/texmf-dist/tex/latex/xkeyval/xkeyval.sty
Package: xkeyval 2012/10/14 v2.6b package option processing (HA)

(d:/texlive/2013/texmf-dist/tex/generic/xkeyval/xkeyval.tex
\XKV@toks=\toks28
\XKV@tempa@toks=\toks29
\XKV@depth=\count161
File: xkeyval.tex 2012/10/14 v2.6b key=value parser (HA)
))
(d:/texlive/2013/texmf-dist/tex/latex/adjustbox/adjcalc.sty
Package: adjcalc 2012/05/16 v1.1 Provides advanced setlength with multiple back
-ends (calc, etex, pgfmath)
)
(d:/texlive/2013/texmf-dist/tex/latex/adjustbox/trimclip.sty
Package: trimclip 2012/05/16 v1.0 Trim and clip general TeX material

(d:/texlive/2013/texmf-dist/tex/latex/collectbox/collectbox.sty
Package: collectbox 2012/05/17 v0.4b Collect macro arguments as boxes
\collectedbox=\box52
)
\tc@llx=\dimen182
\tc@lly=\dimen183
\tc@urx=\dimen184
\tc@ury=\dimen185
Package trimclip Info: Using driver 'tc-pdftex.def'.

(d:/texlive/2013/texmf-dist/tex/latex/adjustbox/tc-pdftex.def
File: tc-pdftex.def 2012/05/13 v1.0 Clipping driver for pdftex
))
\adjbox@Width=\dimen186
\adjbox@Height=\dimen187
\adjbox@Depth=\dimen188
\adjbox@Totalheight=\dimen189

(d:/texlive/2013/texmf-dist/tex/latex/ifoddpage/ifoddpage.sty
Package: ifoddpage 2011/09/13 v1.0 Conditionals for odd/even page detection
\c@checkoddpage=\count162
)
(d:/texlive/2013/texmf-dist/tex/latex/varwidth/varwidth.sty
Package: varwidth 2009/03/30 ver 0.92;  Variable-width minipages
\@vwid@box=\box53
\sift@deathcycles=\count163
\@vwid@loff=\dimen190
\@vwid@roff=\dimen191
))
(d:/texlive/2013/texmf-dist/tex/latex/oberdiek/grffile.sty
Package: grffile 2012/04/05 v1.16 Extended file name support for graphics (HO)

(d:/texlive/2013/texmf-dist/tex/latex/oberdiek/kvoptions.sty
Package: kvoptions 2011/06/30 v3.11 Key value format for package options (HO)

(d:/texlive/2013/texmf-dist/tex/generic/oberdiek/kvsetkeys.sty
Package: kvsetkeys 2012/04/25 v1.16 Key value parser (HO)

(d:/texlive/2013/texmf-dist/tex/generic/oberdiek/etexcmds.sty
Package: etexcmds 2011/02/16 v1.5 Avoid name clashes with e-TeX commands (HO)

(d:/texlive/2013/texmf-dist/tex/generic/oberdiek/ifluatex.sty
Package: ifluatex 2010/03/01 v1.3 Provides the ifluatex switch (HO)
Package ifluatex Info: LuaTeX not detected.
)
Package etexcmds Info: Could not find \expanded.
(etexcmds)             That can mean that you are not using pdfTeX 1.50 or
(etexcmds)             that some package has redefined \expanded.
(etexcmds)             In the latter case, load this package earlier.
)))
(d:/texlive/2013/texmf-dist/tex/generic/oberdiek/pdftexcmds.sty
Package: pdftexcmds 2011/11/29 v0.20 Utility functions of pdfTeX for LuaTeX (HO
)
Package pdftexcmds Info: LuaTeX not detected.
Package pdftexcmds Info: \pdf@primitive is available.
Package pdftexcmds Info: \pdf@ifprimitive is available.
Package pdftexcmds Info: \pdfdraftmode found.
)
Package grffile Info: Option `multidot' is set to `true'.
Package grffile Info: Option `extendedchars' is set to `false'.
Package grffile Info: Option `space' is set to `true'.
Package grffile Info: \Gin@ii of package `graphicx' fixed on input line 486.
)
(d:/texlive/2013/texmf-dist/tex/latex/hyperxmp/hyperxmp.sty
Package: hyperxmp 2014/01/02 v2.4 Store hyperref metadata in XMP format

(d:/texlive/2013/texmf-dist/tex/latex/oberdiek/atenddvi.sty
Package: atenddvi 2007/04/17 v1.1 At end DVI hook (HO)

(d:/texlive/2013/texmf-dist/tex/latex/oberdiek/zref-abspage.sty
Package: zref-abspage 2012/04/04 v2.24 Module abspage for zref (HO)

(d:/texlive/2013/texmf-dist/tex/latex/oberdiek/zref-base.sty
Package: zref-base 2012/04/04 v2.24 Module base for zref (HO)

(d:/texlive/2013/texmf-dist/tex/generic/oberdiek/kvdefinekeys.sty
Package: kvdefinekeys 2011/04/07 v1.3 Define keys (HO)
)
(d:/texlive/2013/texmf-dist/tex/latex/oberdiek/auxhook.sty
Package: auxhook 2011/03/04 v1.3 Hooks for auxiliary files (HO)
)
Package zref Info: New property list: main on input line 759.
Package zref Info: New property: default on input line 760.
Package zref Info: New property: page on input line 761.
)
(d:/texlive/2013/texmf-dist/tex/generic/oberdiek/atbegshi.sty
Package: atbegshi 2011/10/05 v1.16 At begin shipout hook (HO)
)
\c@abspage=\count164
Package zref Info: New property: abspage on input line 62.
)
(d:/texlive/2013/texmf-dist/tex/latex/oberdiek/zref-lastpage.sty
Package: zref-lastpage 2012/04/04 v2.24 Module lastpage for zref (HO)

(d:/texlive/2013/texmf-dist/tex/latex/oberdiek/atveryend.sty
Package: atveryend 2011/06/30 v1.8 Hooks at the very end of document (HO)
Package atveryend Info: \enddocument detected (standard20110627).
)
Package zref Info: New property list: LastPage on input line 55.
))
(d:/texlive/2013/texmf-dist/tex/generic/oberdiek/pdfescape.sty
Package: pdfescape 2011/11/25 v1.13 Implements pdfTeX's escape features (HO)
)
(d:/texlive/2013/texmf-dist/tex/generic/oberdiek/stringenc.sty
Package: stringenc 2011/12/02 v1.10 Convert strings between diff. encodings (HO
)
)
(d:/texlive/2013/texmf-dist/tex/generic/oberdiek/intcalc.sty
Package: intcalc 2007/09/27 v1.1 Expandable calculations with integers (HO)
))
(d:/texlive/2013/texmf-dist/tex/latex/hyperref/hyperref.sty
Package: hyperref 2012/11/06 v6.83m Hypertext links for LaTeX

(d:/texlive/2013/texmf-dist/tex/generic/oberdiek/hobsub-hyperref.sty
Package: hobsub-hyperref 2012/05/28 v1.13 Bundle oberdiek, subset hyperref (HO)


(d:/texlive/2013/texmf-dist/tex/generic/oberdiek/hobsub-generic.sty
Package: hobsub-generic 2012/05/28 v1.13 Bundle oberdiek, subset generic (HO)
Package: hobsub 2012/05/28 v1.13 Construct package bundles (HO)
Package hobsub Info: Skipping package `infwarerr' (already loaded).
Package hobsub Info: Skipping package `ltxcmds' (already loaded).
Package hobsub Info: Skipping package `ifluatex' (already loaded).
Package hobsub Info: Skipping package `ifvtex' (already loaded).
Package hobsub Info: Skipping package `intcalc' (already loaded).
Package hobsub Info: Skipping package `ifpdf' (already loaded).
Package hobsub Info: Skipping package `etexcmds' (already loaded).
Package hobsub Info: Skipping package `kvsetkeys' (already loaded).
Package hobsub Info: Skipping package `kvdefinekeys' (already loaded).
Package hobsub Info: Skipping package `pdftexcmds' (already loaded).
Package hobsub Info: Skipping package `pdfescape' (already loaded).
Package: bigintcalc 2012/04/08 v1.3 Expandable calculations on big integers (HO
)
Package: bitset 2011/01/30 v1.1 Handle bit-vector datatype (HO)
Package: uniquecounter 2011/01/30 v1.2 Provide unlimited unique counter (HO)
)
Package hobsub Info: Skipping package `hobsub' (already loaded).
Package: letltxmacro 2010/09/02 v1.4 Let assignment for LaTeX macros (HO)
Package: hopatch 2012/05/28 v1.2 Wrapper for package hooks (HO)
Package: xcolor-patch 2011/01/30 xcolor patch
Package hobsub Info: Skipping package `atveryend' (already loaded).
Package hobsub Info: Skipping package `atbegshi' (already loaded).
Package: refcount 2011/10/16 v3.4 Data extraction from label references (HO)
Package: hycolor 2011/01/30 v1.7 Color options for hyperref/bookmark (HO)
)
\@linkdim=\dimen192
\Hy@linkcounter=\count165
\Hy@pagecounter=\count166

(d:/texlive/2013/texmf-dist/tex/latex/hyperref/pd1enc.def
File: pd1enc.def 2012/11/06 v6.83m Hyperref: PDFDocEncoding definition (HO)
Now handling font encoding PD1 ...
... no UTF-8 mapping file for font encoding PD1
)
\Hy@SavedSpaceFactor=\count167

(d:/texlive/2013/texmf-dist/tex/latex/latexconfig/hyperref.cfg
File: hyperref.cfg 2002/06/06 v1.2 hyperref configuration of TeXLive
)
Package hyperref Info: Option `pdfpagelabels' set `true' on input line 4319.
Package hyperref Info: Hyper figures OFF on input line 4443.
Package hyperref Info: Link nesting OFF on input line 4448.
Package hyperref Info: Hyper index ON on input line 4451.
Package hyperref Info: Plain pages OFF on input line 4458.
Package hyperref Info: Backreferencing OFF on input line 4463.
Package hyperref Info: Implicit mode ON; LaTeX internals redefined.
Package hyperref Info: Bookmarks ON on input line 4688.
\c@Hy@tempcnt=\count168

(d:/texlive/2013/texmf-dist/tex/latex/url/url.sty
\Urlmuskip=\muskip17
Package: url 2013/09/16  ver 3.4  Verb mode for urls, etc.
)
LaTeX Info: Redefining \url on input line 5041.
\XeTeXLinkMargin=\dimen193
\Fld@menulength=\count169
\Field@Width=\dimen194
\Fld@charsize=\dimen195
Package hyperref Info: Hyper figures OFF on input line 6295.
Package hyperref Info: Link nesting OFF on input line 6300.
Package hyperref Info: Hyper index ON on input line 6303.
Package hyperref Info: backreferencing OFF on input line 6310.
Package hyperref Info: Link coloring OFF on input line 6315.
Package hyperref Info: Link coloring with OCG OFF on input line 6320.
Package hyperref Info: PDF/A mode OFF on input line 6325.
LaTeX Info: Redefining \ref on input line 6365.
LaTeX Info: Redefining \pageref on input line 6369.
\Hy@abspage=\count170
\c@Item=\count171
\c@Hfootnote=\count172
)

Package hyperref Message: Driver (autodetected): hpdftex.

(d:/texlive/2013/texmf-dist/tex/latex/hyperref/hpdftex.def
File: hpdftex.def 2012/11/06 v6.83m Hyperref driver for pdfTeX
\HyAnn@Count=\count173
\Fld@listcount=\count174
\c@bookmark@seq@number=\count175

(d:/texlive/2013/texmf-dist/tex/latex/oberdiek/rerunfilecheck.sty
Package: rerunfilecheck 2011/04/15 v1.7 Rerun checks for auxiliary files (HO)
Package uniquecounter Info: New unique counter `rerunfilecheck' on input line 2
82.
)
\Hy@SectionHShift=\skip75
)

Package hyperref Warning: Option `bookmarks' has already been used,
(hyperref)                setting the option has no effect on input line 73.

Package hyperref Info: Option `unicode' set `true' on input line 73.
(d:/texlive/2013/texmf-dist/tex/latex/hyperref/puenc.def
File: puenc.def 2012/11/06 v6.83m Hyperref: PDF Unicode definition (HO)
Now handling font encoding PU ...
... no UTF-8 mapping file for font encoding PU
)
Package hyperref Info: Option `pdfnewwindow' set `false' on input line 73.
Package hyperref Info: Option `colorlinks' set `true' on input line 73.

(d:/texlive/2013/texmf-dist/tex/latex/booktabs/booktabs.sty
Package: booktabs 2005/04/14 v1.61803 publication quality tables
\heavyrulewidth=\dimen196
\lightrulewidth=\dimen197
\cmidrulewidth=\dimen198
\belowrulesep=\dimen199
\belowbottomsep=\dimen200
\aboverulesep=\dimen201
Normal \dimen register pool exhausted, switching to extended pool.
\abovetopsep=\dimen256
\cmidrulesep=\dimen257
\cmidrulekern=\dimen258
\defaultaddspace=\dimen259
\@cmidla=\count176
\@cmidlb=\count177
\@aboverulesep=\dimen260
\@belowrulesep=\dimen261
\@thisruleclass=\count178
\@lastruleclass=\count179
\@thisrulewidth=\dimen262
)
(d:/texlive/2013/texmf-dist/tex/latex/csquotes/csquotes.sty
Package: csquotes 2011/10/22 v5.1d context-sensitive quotations

(d:/texlive/2013/texmf-dist/tex/latex/etoolbox/etoolbox.sty
Package: etoolbox 2011/01/03 v2.1 e-TeX tools for LaTeX
\etb@tempcnta=\count180
)
\csq@reset=\count181
\csq@gtype=\count182
\csq@glevel=\count183
\csq@qlevel=\count184
\csq@maxlvl=\count185
\csq@tshold=\count186
\csq@ltx@everypar=\toks30

(d:/texlive/2013/texmf-dist/tex/latex/csquotes/csquotes.def
File: csquotes.def 2011/10/22 v5.1d csquotes generic definitions
)
Package csquotes Info: Trying to load configuration file 'csquotes.cfg'...
Package csquotes Info: ... configuration file loaded successfully.

(d:/texlive/2013/texmf-dist/tex/latex/csquotes/csquotes.cfg
File: csquotes.cfg 
))
(d:/texlive/2013/texmf-dist/tex/latex/enumitem/enumitem.sty
Package: enumitem 2011/09/28 v3.5.2 Customized lists
\labelindent=\skip76
\enit@outerparindent=\dimen263
\enit@toks=\toks31
\enit@inbox=\box54
\enitdp@description=\count187
)
(d:/texlive/2013/texmf-dist/tex/latex/setspace/setspace.sty
Package: setspace 2011/12/19 v6.7a set line spacing
)
(d:/texlive/2013/texmf-dist/tex/latex/tools/afterpage.sty
Package: afterpage 1995/10/27 v1.08 After-Page Package (DPC)
\AP@output=\toks32
\AP@partial=\box55
\AP@footins=\box56
)
(d:/texlive/2013/texmf-dist/tex/latex/braket/braket.sty)
(d:/texlive/2013/texmf-dist/tex/latex/biblatex/biblatex.sty
Package: biblatex 2013/11/25 v2.8a programmable bibliographies (PK/JW/AB)

(d:/texlive/2013/texmf-dist/tex/latex/biblatex/biblatex2.sty
Package: biblatex2 2013/11/25 v2.8a programmable bibliographies (biber) (PK/JW/
AB)

(d:/texlive/2013/texmf-dist/tex/latex/logreq/logreq.sty
Package: logreq 2010/08/04 v1.0 xml request logger
\lrq@indent=\count188

(d:/texlive/2013/texmf-dist/tex/latex/logreq/logreq.def
File: logreq.def 2010/08/04 v1.0 logreq spec v1.0
))
\c@tabx@nest=\count189
\c@listtotal=\count190
\c@listcount=\count191
\c@liststart=\count192
\c@liststop=\count193
\c@citecount=\count194
\c@citetotal=\count195
\c@multicitecount=\count196
\c@multicitetotal=\count197
\c@instcount=\count198
\c@maxnames=\count199
\c@minnames=\count200
\c@maxitems=\count201
Normal \count register pool exhausted, switching to extended pool.
\c@minitems=\count277
\c@citecounter=\count278
\c@savedcitecounter=\count279
\c@uniquelist=\count280
\c@uniquename=\count281
\c@refsection=\count282
\c@refsegment=\count283
\c@maxextratitle=\count284
\c@maxextratitleyear=\count285
\c@maxextrayear=\count286
\c@maxextraalpha=\count287
\c@abbrvpenalty=\count288
\c@highnamepenalty=\count289
\c@lownamepenalty=\count290
\c@maxparens=\count291
\c@parenlevel=\count292
\blx@tempcnta=\count293
\blx@tempcntb=\count294
\blx@tempcntc=\count295
\blx@maxsection=\count296
\blx@maxsegment@0=\count297
\blx@notetype=\count298
\blx@parenlevel@text=\count299
\blx@parenlevel@foot=\count300
\blx@sectionciteorder@0=\count301
\labelnumberwidth=\skip77
\labelalphawidth=\skip78
\shorthandwidth=\skip79
\biblabelsep=\skip80
\bibitemsep=\skip81
\bibnamesep=\skip82
\bibinitsep=\skip83
\bibparsep=\skip84
\bibhang=\skip85
\blx@bcfin=\read4
\blx@bcfout=\write4
\c@mincomprange=\count302
\c@maxcomprange=\count303
\c@mincompwidth=\count304
Package biblatex Info: Trying to load biblatex default data model...
Package biblatex Info: ... file 'blx-dm.def' found.

(d:/texlive/2013/texmf-dist/tex/latex/biblatex/blx-dm.def)
Package biblatex Info: Trying to load biblatex style data model...
Package biblatex Info: ... file 'phys.dbx' not found.
Package biblatex Info: Trying to load biblatex custom data model...
Package biblatex Info: ... file 'biblatex-dm.cfg' not found.
\c@afterword=\count305
\c@savedafterword=\count306
\c@annotator=\count307
\c@savedannotator=\count308
\c@author=\count309
\c@savedauthor=\count310
\c@bookauthor=\count311
\c@savedbookauthor=\count312
\c@commentator=\count313
\c@savedcommentator=\count314
\c@editor=\count315
\c@savededitor=\count316
\c@editora=\count317
\c@savededitora=\count318
\c@editorb=\count319
\c@savededitorb=\count320
\c@editorc=\count321
\c@savededitorc=\count322
\c@foreword=\count323
\c@savedforeword=\count324
\c@holder=\count325
\c@savedholder=\count326
\c@introduction=\count327
\c@savedintroduction=\count328
\c@namea=\count329
\c@savednamea=\count330
\c@nameb=\count331
\c@savednameb=\count332
\c@namec=\count333
\c@savednamec=\count334
\c@shortauthor=\count335
\c@savedshortauthor=\count336
\c@shorteditor=\count337
\c@savedshorteditor=\count338
\c@translator=\count339
\c@savedtranslator=\count340
\c@labelname=\count341
\c@savedlabelname=\count342
\c@institution=\count343
\c@savedinstitution=\count344
\c@lista=\count345
\c@savedlista=\count346
\c@listb=\count347
\c@savedlistb=\count348
\c@listc=\count349
\c@savedlistc=\count350
\c@listd=\count351
\c@savedlistd=\count352
\c@liste=\count353
\c@savedliste=\count354
\c@listf=\count355
\c@savedlistf=\count356
\c@location=\count357
\c@savedlocation=\count358
\c@organization=\count359
\c@savedorganization=\count360
\c@origlocation=\count361
\c@savedoriglocation=\count362
\c@origpublisher=\count363
\c@savedorigpublisher=\count364
\c@publisher=\count365
\c@savedpublisher=\count366
\c@language=\count367
\c@savedlanguage=\count368
\c@pageref=\count369
\c@savedpageref=\count370
Package biblatex Info: Trying to load compatibility code...
Package biblatex Info: ... file 'blx-compat.def' found.

(d:/texlive/2013/texmf-dist/tex/latex/biblatex/blx-compat.def
File: blx-compat.def 2013/11/25 v2.8a biblatex compatibility (PK/JW/AB)
)
Package biblatex Info: Trying to load generic definitions...
Package biblatex Info: ... file 'biblatex.def' found.

(d:/texlive/2013/texmf-dist/tex/latex/biblatex/biblatex.def
File: biblatex.def 
\c@textcitecount=\count371
\c@textcitetotal=\count372
\c@textcitemaxnames=\count373
\c@biburlnumpenalty=\count374
\c@biburlucpenalty=\count375
\c@biburllcpenalty=\count376
\c@smartand=\count377
)
Package biblatex Info: Trying to load bibliography style 'phys'...
Package biblatex Info: ... file 'phys.bbx' found.

(d:/texlive/2013/texmf-dist/tex/latex/biblatex-phys/phys.bbx
File: phys.bbx 2013/02/15 v0.9e biblatex bibliography style
Package biblatex Info: Trying to load bibliography style 'numeric-comp'...
Package biblatex Info: ... file 'numeric-comp.bbx' found.

(d:/texlive/2013/texmf-dist/tex/latex/biblatex/bbx/numeric-comp.bbx
File: numeric-comp.bbx 2013/11/25 v2.8a biblatex bibliography style (PK/JW/AB)
Package biblatex Info: Trying to load bibliography style 'numeric'...
Package biblatex Info: ... file 'numeric.bbx' found.

(d:/texlive/2013/texmf-dist/tex/latex/biblatex/bbx/numeric.bbx
File: numeric.bbx 2013/11/25 v2.8a biblatex bibliography style (PK/JW/AB)
Package biblatex Info: Trying to load bibliography style 'standard'...
Package biblatex Info: ... file 'standard.bbx' found.

(d:/texlive/2013/texmf-dist/tex/latex/biblatex/bbx/standard.bbx
File: standard.bbx 2013/11/25 v2.8a biblatex bibliography style (PK/JW/AB)
\c@bbx:relatedcount=\count378
\c@bbx:relatedtotal=\count379
))))
Package biblatex Info: Trying to load citation style 'phys'...
Package biblatex Info: ... file 'phys.cbx' found.

(d:/texlive/2013/texmf-dist/tex/latex/biblatex-phys/phys.cbx
File: phys.cbx 2013/02/15 v0.9e biblatex citation style
Package biblatex Info: Trying to load citation style 'numeric-comp'...
Package biblatex Info: ... file 'numeric-comp.cbx' found.

(d:/texlive/2013/texmf-dist/tex/latex/biblatex/cbx/numeric-comp.cbx
File: numeric-comp.cbx 2013/11/25 v2.8a biblatex citation style (PK/JW/AB)
\c@cbx@tempcnta=\count380
\c@cbx@tempcntb=\count381
Package biblatex Info: Redefining '\cite'.
Package biblatex Info: Redefining '\parencite'.
Package biblatex Info: Redefining '\footcite'.
Package biblatex Info: Redefining '\footcitetext'.
Package biblatex Info: Redefining '\smartcite'.
Package biblatex Info: Redefining '\supercite'.
Package biblatex Info: Redefining '\textcite'.
Package biblatex Info: Redefining '\textcites'.
Package biblatex Info: Redefining '\cites'.
Package biblatex Info: Redefining '\parencites'.
Package biblatex Info: Redefining '\smartcites'.
))
Package biblatex Info: Trying to load configuration file...
Package biblatex Info: ... file 'biblatex.cfg' found.

(d:/texlive/2013/texmf-dist/tex/latex/biblatex/biblatex.cfg
File: biblatex.cfg 
)))
(d:/texlive/2013/texmf-dist/tex/latex/chngcntr/chngcntr.sty
Package: chngcntr 2009/09/02 v1.0a change counter resetting
) (./coverpages.sty
Package: coverpages 2014/10/13 3.01 Build coverpage for EDPIF thesis (J.Hare)

(d:/texlive/2013/texmf-dist/tex/generic/ulem/ulem.sty
\UL@box=\box57
\UL@hyphenbox=\box58
\UL@skip=\skip86
\UL@hook=\toks33
\UL@height=\dimen264
\UL@pe=\count382
\UL@pixel=\dimen265
\ULC@box=\box59
Package: ulem 2012/05/18
\ULdepth=\dimen266
)
\th@skip=\skip87
\@hmargin=\skip88
) (./coverdata.tex)
Package csquotes Info: Checking for multilingual support...
Package csquotes Info: ... found 'babel' package.
Package csquotes Info: Adjusting default style.
Package csquotes Info: Redefining alias 'default' -> 'french'.
Package biblatex Info: Trying to load language 'french'...
Package biblatex Info: ... file 'french.lbx' found.

(d:/texlive/2013/texmf-dist/tex/latex/biblatex/lbx/french.lbx
File: french.lbx 2013/11/25 v2.8a biblatex localization (PK/JW/AB)
) (./these.aux
(./.aux) (./.aux) (./Rydbergs.aux) (./Interacting_Rydbergs.aux)
(./Setup_coldatoms.aux) (./Setup_Rydberg.aux) (./low_l_Rydbergs.aux)
(./circsim.aux) (./circulars.aux) (./.aux) (./.aux) (./.aux))
\openout1 = `these.aux'.

LaTeX Font Info:    Checking defaults for OML/cmm/m/it on input line 149.
LaTeX Font Info:    ... okay on input line 149.
LaTeX Font Info:    Checking defaults for T1/cmr/m/n on input line 149.
LaTeX Font Info:    ... okay on input line 149.
LaTeX Font Info:    Checking defaults for OT1/cmr/m/n on input line 149.
LaTeX Font Info:    ... okay on input line 149.
LaTeX Font Info:    Checking defaults for OMS/cmsy/m/n on input line 149.
LaTeX Font Info:    ... okay on input line 149.
LaTeX Font Info:    Checking defaults for OMX/cmex/m/n on input line 149.
LaTeX Font Info:    ... okay on input line 149.
LaTeX Font Info:    Checking defaults for U/cmr/m/n on input line 149.
LaTeX Font Info:    ... okay on input line 149.
LaTeX Font Info:    Checking defaults for TS1/cmr/m/n on input line 149.
LaTeX Font Info:    Try loading font information for TS1+cmr on input line 149.


(d:/texlive/2013/texmf-dist/tex/latex/base/ts1cmr.fd
File: ts1cmr.fd 1999/05/25 v2.5h Standard LaTeX font definitions
)
LaTeX Font Info:    ... okay on input line 149.
LaTeX Font Info:    Checking defaults for PD1/pdf/m/n on input line 149.
LaTeX Font Info:    ... okay on input line 149.
LaTeX Font Info:    Checking defaults for PU/pdf/m/n on input line 149.
LaTeX Font Info:    ... okay on input line 149.

*geometry* driver: auto-detecting
*geometry* detected driver: pdftex
*geometry* verbose mode - [ preamble ] result:
* driver: pdftex
* paper: a4paper
* layout: <same size as paper>
* layoutoffset:(h,v)=(0.0pt,0.0pt)
* bindingoffset: 11.38109pt
* modes: includehead includefoot twoside 
* h-part:(L,W,R)=(70.56284pt, 409.71968pt, 105.84427pt)
* v-part:(T,H,B)=(65.44133pt, 722.70001pt, 56.9055pt)
* \paperwidth=597.50787pt
* \paperheight=845.04684pt
* \textwidth=409.71968pt
* \textheight=663.36327pt
* \oddsidemargin=9.67393pt
* \evensidemargin=33.57428pt
* \topmargin=-6.82866pt
* \headheight=12.0pt
* \headsep=19.8738pt
* \topskip=11.0pt
* \footskip=27.46295pt
* \marginparwidth=106.0pt
* \marginparsep=7.0pt
* \columnsep=10.0pt
* \skip\footins=10.0pt plus 4.0pt minus 2.0pt
* \hoffset=0.0pt
* \voffset=0.0pt
* \mag=1000
* \@twocolumnfalse
* \@twosidetrue
* \@mparswitchtrue
* \@reversemarginfalse
* (1in=72.27pt=25.4mm, 1cm=28.453pt)

LaTeX Info: Redefining \degres on input line 149.
LaTeX Info: Redefining \dots on input line 149.
Package frenchb.ldf Info: Setting StandardItemizeEnv=true for
(frenchb.ldf)             compatibility with enumitem package,
(frenchb.ldf)              on input line 149.
Package frenchb.ldf Info: Setting StandardEnumerateEnv=true for
(frenchb.ldf)             compatibility with enumitem package,
(frenchb.ldf)              on input line 149.
LaTeX Info: Redefining \up on input line 149.
(d:/texlive/2013/texmf-dist/tex/context/base/supp-pdf.mkii
[Loading MPS to PDF converter (version 2006.09.02).]
\scratchcounter=\count383
\scratchdimen=\dimen267
\scratchbox=\box60
\nofMPsegments=\count384
\nofMParguments=\count385
\everyMPshowfont=\toks34
\MPscratchCnt=\count386
\MPscratchDim=\dimen268
\MPnumerator=\count387
\makeMPintoPDFobject=\count388
\everyMPtoPDFconversion=\toks35
) (d:/texlive/2013/texmf-dist/tex/latex/oberdiek/epstopdf-base.sty
Package: epstopdf-base 2010/02/09 v2.5 Base part for package epstopdf

(d:/texlive/2013/texmf-dist/tex/latex/oberdiek/grfext.sty
Package: grfext 2010/08/19 v1.1 Manage graphics extensions (HO)
)
Package grfext Info: Graphics extension search list:
(grfext)             [.png,.pdf,.jpg,.mps,.jpeg,.jbig2,.jb2,.PNG,.PDF,.JPG,.JPE
G,.JBIG2,.JB2,.eps]
(grfext)             \AppendGraphicsExtensions on input line 452.

(d:/texlive/2013/texmf-dist/tex/latex/latexconfig/epstopdf-sys.cfg
File: epstopdf-sys.cfg 2010/07/13 v1.3 Configuration of (r)epstopdf for TeX Liv
e
))
(d:/texlive/2013/texmf-dist/tex/latex/beamer/translator/dicts/translator-basic-
dictionary/translator-basic-dictionary-English.dict
Dictionary: translator-basic-dictionary, Language: English 
)
(d:/texlive/2013/texmf-dist/tex/latex/siunitx/config/siunitx-abbreviations.cfg
File: siunitx-abbreviations.cfg 2013/07/31 v2.5s siunitx: Abbreviated units
)
Package caption Info: Begin \AtBeginDocument code.
Package caption Info: hyperref package is loaded.
Package caption Info: rotating package is loaded.
Package caption Info: End \AtBeginDocument code.
\AtBeginShipoutBox=\box61
(d:/texlive/2013/texmf-dist/tex/generic/oberdiek/se-pdfdoc.def
File: se-pdfdoc.def 2011/12/02 v1.10 stringenc: PDFDocEncoding
)
(d:/texlive/2013/texmf-dist/tex/generic/oberdiek/se-utf8.def
File: se-utf8.def 2011/12/02 v1.10 stringenc: UTF-8
)
Package hyperref Info: Link coloring ON on input line 149.

(d:/texlive/2013/texmf-dist/tex/latex/hyperref/nameref.sty
Package: nameref 2012/10/27 v2.43 Cross-referencing by name of section

(d:/texlive/2013/texmf-dist/tex/generic/oberdiek/gettitlestring.sty
Package: gettitlestring 2010/12/03 v1.4 Cleanup title references (HO)
)
\c@section@level=\count389
)
LaTeX Info: Redefining \ref on input line 149.
LaTeX Info: Redefining \pageref on input line 149.
LaTeX Info: Redefining \nameref on input line 149.

(./these.out) (./these.out)
\@outlinefile=\write5
\openout5 = `these.out'.

Package biblatex Info: Input encoding 'utf8' detected.
Package biblatex Info: Automatic encoding selection.
(biblatex)             Assuming data encoding 'utf8'.
\openout4 = `these.bcf'.

Package biblatex Info: Trying to load bibliographic data...
Package biblatex Info: ... file 'these.bbl' found.
 (./these.bbl)
Package biblatex Info: Reference section=0 on input line 149.
Package biblatex Info: Reference segment=0 on input line 149.
*geometry* verbose mode - [ newgeometry ] result:
* driver: pdftex
* paper: a4paper
* layout: <same size as paper>
* layoutoffset:(h,v)=(0.0pt,0.0pt)
* modes: twoside 
* h-part:(L,W,R)=(34.1433pt, 529.22128pt, 34.1433pt)
* v-part:(T,H,B)=(101.40665pt, 709.4969pt, 34.1433pt)
* \paperwidth=597.50787pt
* \paperheight=845.04684pt
* \textwidth=529.22128pt
* \textheight=709.4969pt
* \oddsidemargin=-38.1267pt
* \evensidemargin=-38.1267pt
* \topmargin=-2.73714pt
* \headheight=12.0pt
* \headsep=19.8738pt
* \topskip=11.0pt
* \footskip=27.46295pt
* \marginparwidth=106.0pt
* \marginparsep=7.0pt
* \columnsep=10.0pt
* \skip\footins=10.0pt plus 4.0pt minus 2.0pt
* \hoffset=0.0pt
* \voffset=0.0pt
* \mag=1000
* \@twocolumnfalse
* \@twosidetrue
* \@mparswitchtrue
* \@reversemarginfalse
* (1in=72.27pt=25.4mm, 1cm=28.453pt)


Overfull \hbox (17.0pt too wide) in paragraph at lines 149--149
[]$[]$
 []

LaTeX Font Info:    Try loading font information for T1+cmss on input line 149.

(d:/texlive/2013/texmf-dist/tex/latex/base/t1cmss.fd
File: t1cmss.fd 1999/05/25 v2.5h Standard LaTeX font definitions
)
Overfull \hbox (2.34906pt too wide) in paragraph at lines 149--149
[]|\T1/cmr/m/n/12 Dr.| 
 []


Overfull \hbox (2.34906pt too wide) in paragraph at lines 149--149
[]|\T1/cmr/m/n/12 Dr.| 
 []


Overfull \hbox (1.37013pt too wide) in paragraph at lines 149--149
[]|\T1/cmr/m/n/12 Pr.| 
 []


Overfull \hbox (2.34906pt too wide) in paragraph at lines 149--149
[]|\T1/cmr/m/n/12 Dr.| 
 []


Overfull \hbox (1.37013pt too wide) in paragraph at lines 149--149
[]|\T1/cmr/m/n/12 Pr.| 
 []


Overfull \hbox (1.37013pt too wide) in paragraph at lines 149--149
[]|\T1/cmr/m/n/12 Pr.| 
 []

[1


{d:/texlive/2013/texmf-var/fonts/map/pdftex/updmap/pdftex.map}]
\c__siunitx_mathsf_int=\count390
\c__siunitx_mathtt_int=\count391
 [0



] [1]
\openout2 = `.aux'.


(d:/texlive/2013/texmf-dist/tex/latex/tools/.tex File ignored) [2




] (./these.toc [3])
\tf@toc=\write6
\openout6 = `these.toc'.

 [4] (./these.lof [5

])
\tf@lof=\write7
\openout7 = `these.lof'.

 [6] (./these.lot)
\tf@lot=\write8
\openout8 = `these.lot'.

 [7

] [8

] [1

]
\openout2 = `.aux'.


(d:/texlive/2013/texmf-dist/tex/latex/tools/.tex File ignored)
\openout2 = `Rydbergs.aux'.

 (./Rydbergs.tex
[2




]
Chapitre I.
[3] [4]

LaTeX Font Warning: Font shape `T1/cmss/bx/sc' undefined
(Font)              using `T1/cmss/bx/n' instead on input line 66.


Overfull \hbox (3.0223pt too wide) detected at line 77
 
 []


Overfull \hbox (3.0223pt too wide) detected at line 77
 
 []


Overfull \hbox (3.0223pt too wide) detected at line 78
 
 []


Overfull \hbox (3.0223pt too wide) detected at line 78
 
 []


Overfull \hbox (3.0223pt too wide) detected at line 79
 
 []


Overfull \hbox (3.0223pt too wide) detected at line 80
 
 []

[5] <figures/WaveFunc_60S_.pdf, id=513, 397.485pt x 400.49625pt>
File: figures/WaveFunc_60S_.pdf Graphic file (type pdf)

<use figures/WaveFunc_60S_.pdf>
Package pdftex.def Info: figures/WaveFunc_60S_.pdf used on input line 116.
(pdftex.def)             Requested size: 245.8343pt x 247.7001pt.


LaTeX Warning: `!h' float specifier changed to `!ht'.


Underfull \vbox (badness 5578) has occurred while \output is active []

 [6]
[7 <./figures/WaveFunc_60S_.pdf>]

Package hyperref Warning: Token not allowed in a PDF string (Unicode):
(hyperref)                removing `math shift' on input line 168.


Package hyperref Warning: Token not allowed in a PDF string (Unicode):
(hyperref)                removing `\mathinner' on input line 168.


Package hyperref Warning: Token not allowed in a PDF string (Unicode):
(hyperref)                removing `\delimiter' on input line 168.


Package hyperref Warning: Token not allowed in a PDF string (Unicode):
(hyperref)                removing `math shift' on input line 168.

<figures/lifetime.pdf, id=538, 579.16376pt x 434.62375pt>
File: figures/lifetime.pdf Graphic file (type pdf)

<use figures/lifetime.pdf>
Package pdftex.def Info: figures/lifetime.pdf used on input line 179.
(pdftex.def)             Requested size: 286.80252pt x 215.2223pt.


LaTeX Warning: `!h' float specifier changed to `!ht'.

[8] [9 <./figures/lifetime.pdf>]
Underfull \vbox (badness 10000) has occurred while \output is active []

 [10]
<figures/echelle_parabolique_m1m2.pdf, id=602, 1269.99469pt x 583.42969pt>
File: figures/echelle_parabolique_m1m2.pdf Graphic file (type pdf)

<use figures/echelle_parabolique_m1m2.pdf>
Package pdftex.def Info: figures/echelle_parabolique_m1m2.pdf used on input lin
e 282.
(pdftex.def)             Requested size: 409.71968pt x 188.22362pt.

Overfull \hbox (2.67213pt too wide) in paragraph at lines 300--301
[]\T1/cmr/m/n/10.95 Afin d'ai-der  la re-pr-sen-ta-tion des tats ato-miques,
 in-tro-dui-sons un nou-veau nombre
 []

<figures/echelle_parabolique_mk.pdf, id=603, 319.27989pt x 158.44243pt>
File: figures/echelle_parabolique_mk.pdf Graphic file (type pdf)

<use figures/echelle_parabolique_mk.pdf>
Package pdftex.def Info: figures/echelle_parabolique_mk.pdf used on input line 
319.
(pdftex.def)             Requested size: 286.80252pt x 142.33817pt.


LaTeX Warning: `!h' float specifier changed to `!ht'.

[11 <./figures/echelle_parabolique_m1m2.pdf>]
<figures/WaveFunc_50C_.pdf, id=616, 397.485pt x 391.4625pt>
File: figures/WaveFunc_50C_.pdf Graphic file (type pdf)

<use figures/WaveFunc_50C_.pdf>
Package pdftex.def Info: figures/WaveFunc_50C_.pdf used on input line 338.
(pdftex.def)             Requested size: 204.85983pt x 201.75775pt.


Package hyperref Warning: Token not allowed in a PDF string (Unicode):
(hyperref)                removing `math shift' on input line 347.


Package hyperref Warning: Token not allowed in a PDF string (Unicode):
(hyperref)                removing `\mathinner' on input line 347.


Package hyperref Warning: Token not allowed in a PDF string (Unicode):
(hyperref)                removing `subscript' on input line 347.


Package hyperref Warning: Token not allowed in a PDF string (Unicode):
(hyperref)                removing `\delimiter' on input line 347.


Package hyperref Warning: Token not allowed in a PDF string (Unicode):
(hyperref)                removing `math shift' on input line 347.

[12 <./figures/echelle_parabolique_mk.pdf> <./figures/WaveFunc_50C_.pdf

pdfTeX warning: pdflatex.exe (file ./figures/WaveFunc_50C_.pdf): PDF inclusion:
 multiple pdfs with page group included in a single page
>] <figures/spontem_50C49C.pdf, id=655, 394.70128pt x 275.7411pt>
File: figures/spontem_50C49C.pdf Graphic file (type pdf)

<use figures/spontem_50C49C.pdf>
Package pdftex.def Info: figures/spontem_50C49C.pdf used on input line 363.
(pdftex.def)             Requested size: 286.80252pt x 200.36789pt.
 [13 <./figures/spontem_50C49C.pdf>]
<figures/lifetime_50C.pdf, id=691, 433.62pt x 289.08pt>
File: figures/lifetime_50C.pdf Graphic file (type pdf)

<use figures/lifetime_50C.pdf>
Package pdftex.def Info: figures/lifetime_50C.pdf used on input line 378.
(pdftex.def)             Requested size: 245.8343pt x 163.89069pt.
) [14 <./figures/lifetime_50C.pdf>]
\openout2 = `Interacting_Rydbergs.aux'.


(./Interacting_Rydbergs.tex [15


]
<figures/dipole_coupling_aacd.pdf, id=748, 104.39pt x 113.26595pt>
File: figures/dipole_coupling_aacd.pdf Graphic file (type pdf)

<use figures/dipole_coupling_aacd.pdf>
Package pdftex.def Info: figures/dipole_coupling_aacd.pdf used on input line 69
.
(pdftex.def)             Requested size: 122.91714pt x 133.37611pt.
 [16 <./figures/dipole_coupling_aacd.pdf>] [17] <figures/dipole_coupling_abab.p
df, id=776, 706.22206pt x 182.17755pt>
File: figures/dipole_coupling_abab.pdf Graphic file (type pdf)

<use figures/dipole_coupling_abab.pdf>
Package pdftex.def Info: figures/dipole_coupling_abab.pdf used on input line 13
5.
(pdftex.def)             Requested size: 368.74521pt x 95.11925pt.

<figures/VdW_60S60S.pdf, id=781, 677.55171pt x 520.29973pt>
File: figures/VdW_60S60S.pdf Graphic file (type pdf)

<use figures/VdW_60S60S.pdf>
Package pdftex.def Info: figures/VdW_60S60S.pdf used on input line 160.
(pdftex.def)             Requested size: 327.777pt x 251.70993pt.
 [18 <./figures/dipole_coupling_abab.pdf>]
<figures/VdW_60S60P.pdf, id=808, 797.89609pt x 495.07715pt>
File: figures/VdW_60S60P.pdf Graphic file (type pdf)

<use figures/VdW_60S60P.pdf>
Package pdftex.def Info: figures/VdW_60S60P.pdf used on input line 184.
(pdftex.def)             Requested size: 327.777pt x 203.38332pt.


LaTeX Warning: `h' float specifier changed to `ht'.

[19 <./figures/VdW_60S60S.pdf>]
<figures/double_torus.png, id=1611, 1547.7825pt x 311.1625pt>
File: figures/double_torus.png Graphic file (type png)

<use figures/double_torus.png>
Package pdftex.def Info: figures/double_torus.png used on input line 250.
(pdftex.def)             Requested size: 327.777pt x 65.89206pt.
 [20 <./figures/VdW_60S60P.pdf>]
<figures/VdW_50C50C_1Vcm.pdf, id=3370, 433.62pt x 289.08pt>
File: figures/VdW_50C50C_1Vcm.pdf Graphic file (type pdf)

<use figures/VdW_50C50C_1Vcm.pdf>
Package pdftex.def Info: figures/VdW_50C50C_1Vcm.pdf used on input line 265.
(pdftex.def)             Requested size: 409.71968pt x 273.15997pt.


LaTeX Warning: `!h' float specifier changed to `!ht'.

[21 <./figures/double_torus.png (PNG copy)>]
Overfull \hbox (7.59698pt too wide) in paragraph at lines 294--298
[]\T1/cmr/m/n/10.95 Nous nous sommes en-suite in-t-res-ss aux ni-veaux de Ryd
-berg cir-cu-laires, qui semblent
 []

[22 <./figures/VdW_50C50C_1Vcm.pdf>]) [23]
\openout2 = `Setup_coldatoms.aux'.

 (./Setup_coldatoms.tex [24



]
Chapitre II.

Underfull \vbox (badness 10000) has occurred while \output is active []

 [25]
<figures/cryo_vect_small.png, id=3464, 1003.75pt x 1284.8pt>
File: figures/cryo_vect_small.png Graphic file (type png)

<use figures/cryo_vect_small.png>
Package pdftex.def Info: figures/cryo_vect_small.png used on input line 55.
(pdftex.def)             Requested size: 409.71968pt x 524.43849pt.


LaTeX Warning: Float too large for page by 19.07523pt on input line 66.

[26]
Overfull \hbox (50.69115pt too wide) has occurred while \output is active
\T1/cmr/m/sl/10.95 II.1. Un nuage d'atomes ultra-froids sur puce, du MOT de cap
ture au condensat de Bose-Einstein \T1/cmr/m/n/10.95 27
 []

[27 <./figures/cryo_vect_small.png>]

LaTeX Warning: No positions in optional float specifier.
               Default added (so using `tbp') on input line 91.

<figures/chip.pdf, id=3490, 843.91887pt x 500.56842pt>
File: figures/chip.pdf Graphic file (type pdf)
 <use figures/chip.pdf>
Package pdftex.def Info: figures/chip.pdf used on input line 93.
(pdftex.def)             Requested size: 409.71968pt x 243.0198pt.

[28]

LaTeX Warning: No positions in optional float specifier.
               Default added (so using `tbp') on input line 114.

<figures/magfields_chip.pdf, id=3506, 963.01039pt x 899.35088pt>
File: figures/magfields_chip.pdf Graphic file (type pdf)

<use figures/magfields_chip.pdf>
Package pdftex.def Info: figures/magfields_chip.pdf used on input line 116.
(pdftex.def)             Requested size: 409.71968pt x 382.63762pt.

Overfull \hbox (1.42973pt too wide) in paragraph at lines 141--146
\T1/cmr/m/n/10.95 des piges magnto-optiques en trois di-men-sions. Dans beau-
coup d'ex-p-riences d'atomes
 []


Underfull \vbox (badness 1990) has occurred while \output is active []


Overfull \hbox (50.69115pt too wide) has occurred while \output is active
\T1/cmr/m/sl/10.95 II.1. Un nuage d'atomes ultra-froids sur puce, du MOT de cap
ture au condensat de Bose-Einstein \T1/cmr/m/n/10.95 29
 []

[29 <./figures/chip.pdf>] [30 <./figures/magfields_chip.pdf>]
<figures/mirror_MOT.pdf, id=3590, 210.01082pt x 189.47215pt>
File: figures/mirror_MOT.pdf Graphic file (type pdf)

<use figures/mirror_MOT.pdf>
Package pdftex.def Info: figures/mirror_MOT.pdf used on input line 149.
(pdftex.def)             Requested size: 245.8343pt x 221.80293pt.

<figures/D2lineRb87.pdf, id=3592, 464.49771pt x 356.53499pt>
File: figures/D2lineRb87.pdf Graphic file (type pdf)

<use figures/D2lineRb87.pdf>
Package pdftex.def Info: figures/D2lineRb87.pdf used on input line 171.
(pdftex.def)             Requested size: 327.777pt x 251.602pt.

Overfull \hbox (50.69115pt too wide) has occurred while \output is active
\T1/cmr/m/sl/10.95 II.1. Un nuage d'atomes ultra-froids sur puce, du MOT de cap
ture au condensat de Bose-Einstein \T1/cmr/m/n/10.95 31
 []

[31 <./figures/mirror_MOT.pdf>]
<figures/2DMOT.pdf, id=3673, 722.7pt x 542.025pt>
File: figures/2DMOT.pdf Graphic file (type pdf)
 <use figures/2DMOT.pdf>
Package pdftex.def Info: figures/2DMOT.pdf used on input line 205.
(pdftex.def)             Requested size: 245.8343pt x 184.37703pt.

[32 <./figures/D2lineRb87.pdf>]
Overfull \hbox (50.69115pt too wide) has occurred while \output is active
\T1/cmr/m/sl/10.95 II.1. Un nuage d'atomes ultra-froids sur puce, du MOT de cap
ture au condensat de Bose-Einstein \T1/cmr/m/n/10.95 33
 []

[33 <./figures/2DMOT.pdf>]

LaTeX Warning: No positions in optional float specifier.
               Default added (so using `tbp') on input line 267.

<figures/evapRF.pdf, id=3776, 332.29243pt x 201.37868pt>
File: figures/evapRF.pdf Graphic file (type pdf)

<use figures/evapRF.pdf>
Package pdftex.def Info: figures/evapRF.pdf used on input line 269.
(pdftex.def)             Requested size: 286.80252pt x 173.81526pt.


LaTeX Warning: No positions in optional float specifier.
               Default added (so using `tbp') on input line 283.

<figures/BEC.pdf, id=3778, 1249.66875pt x 437.635pt>
File: figures/BEC.pdf Graphic file (type pdf)
 <use figures/BEC.pdf>
Package pdftex.def Info: figures/BEC.pdf used on input line 285.
(pdftex.def)             Requested size: 409.71968pt x 143.4851pt.

[34] <figures/exp_sequence.pdf, id=3785, 1081.52617pt x 738.2091pt>
File: figures/exp_sequence.pdf Graphic file (type pdf)

<use figures/exp_sequence.pdf>
Package pdftex.def Info: figures/exp_sequence.pdf used on input line 311.
(pdftex.def)             Requested size: 663.36327pt x 452.79628pt.

Overfull \hbox (50.69115pt too wide) has occurred while \output is active
\T1/cmr/m/sl/10.95 II.1. Un nuage d'atomes ultra-froids sur puce, du MOT de cap
ture au condensat de Bose-Einstein \T1/cmr/m/n/10.95 35
 []

[35 <./figures/evapRF.pdf>]
<figures/probes_CdF.pdf, id=3929, 322.28633pt x 241.3863pt>
File: figures/probes_CdF.pdf Graphic file (type pdf)

<use figures/probes_CdF.pdf>
Package pdftex.def Info: figures/probes_CdF.pdf used on input line 347.
(pdftex.def)             Requested size: 286.80252pt x 214.81104pt.

<figures/double_cloud.png, id=3930, 314.17375pt x 202.7575pt>
File: figures/double_cloud.png Graphic file (type png)

<use figures/double_cloud.png>
Package pdftex.def Info: figures/double_cloud.png used on input line 357.
(pdftex.def)             Requested size: 245.8343pt x 158.65141pt.
 [36 <./figures/BEC.pdf>]
Overfull \hbox (50.69115pt too wide) has occurred while \output is active
\T1/cmr/m/sl/10.95 II.1. Un nuage d'atomes ultra-froids sur puce, du MOT de cap
ture au condensat de Bose-Einstein \T1/cmr/m/n/10.95 37
 []

[37 <./figures/exp_sequence.pdf>] [38 <./figures/probes_CdF.pdf> <./figures/dou
ble_cloud.png>]
Overfull \hbox (50.69115pt too wide) has occurred while \output is active
\T1/cmr/m/sl/10.95 II.1. Un nuage d'atomes ultra-froids sur puce, du MOT de cap
ture au condensat de Bose-Einstein \T1/cmr/m/n/10.95 39
 []

[39] <figures/Normal_abs2_horiz.jpg, id=4095, 596.9502pt x 844.8363pt>
File: figures/Normal_abs2_horiz.jpg Graphic file (type jpg)

<use figures/Normal_abs2_horiz.jpg>
Package pdftex.def Info: figures/Normal_abs2_horiz.jpg used on input line 425.
(pdftex.def)             Requested size: 122.91714pt x 173.95314pt.

<figures/RF_abs2_horiz.jpg, id=4096, 596.9502pt x 844.8363pt>
File: figures/RF_abs2_horiz.jpg Graphic file (type jpg)

<use figures/RF_abs2_horiz.jpg>
Package pdftex.def Info: figures/RF_abs2_horiz.jpg used on input line 427.
(pdftex.def)             Requested size: 122.91714pt x 173.95314pt.

Underfull \vbox (badness 1132) has occurred while \output is active []

 [40 <./figures/Normal_abs2_horiz.jpg> <./figures/RF_abs2_horiz.jpg>]
<figures/log_abs.jpg, id=4110, 596.9502pt x 844.8363pt>
File: figures/log_abs.jpg Graphic file (type jpg)

<use figures/log_abs.jpg>
Package pdftex.def Info: figures/log_abs.jpg used on input line 451.
(pdftex.def)             Requested size: 163.88536pt x 231.93752pt.

<figures/nolog_abs.jpg, id=4111, 596.9502pt x 844.8363pt>
File: figures/nolog_abs.jpg Graphic file (type jpg)

<use figures/nolog_abs.jpg>
Package pdftex.def Info: figures/nolog_abs.jpg used on input line 453.
(pdftex.def)             Requested size: 163.88536pt x 231.93752pt.

Overfull \hbox (50.69115pt too wide) has occurred while \output is active
\T1/cmr/m/sl/10.95 II.1. Un nuage d'atomes ultra-froids sur puce, du MOT de cap
ture au condensat de Bose-Einstein \T1/cmr/m/n/10.95 41
 []

[41 <./figures/log_abs.jpg> <./figures/nolog_abs.jpg>]
Overfull \hbox (11.38268pt too wide) in paragraph at lines 489--551
 [][] 
 []

) [42]
\openout2 = `Setup_Rydberg.aux'.

 (./Setup_Rydberg.tex
Overfull \hbox (7.94185pt too wide) in paragraph at lines 1--1
[]\T1/cmr/bx/n/14.4 Excitation et d-tec-tion d'atomes de Ryd-berg prs d'une
 []

<figures/2photons.pdf, id=4131, 693.31593pt x 507.05074pt>
File: figures/2photons.pdf Graphic file (type pdf)

<use figures/2photons.pdf>
Package pdftex.def Info: figures/2photons.pdf used on input line 25.
(pdftex.def)             Requested size: 327.777pt x 239.71426pt.


LaTeX Warning: `!h' float specifier changed to `!ht'.

[43


]
Overfull \hbox (17.16238pt too wide) in paragraph at lines 50--56
[]$ \T1/cmr/m/n/10.95 est ce-pen-dant bien plus faible que le pr-c-dent, et v
aut $[] []\OML/cmm/m/it/10.95 a[]$[][][][][]\T1/cmr/m/n/10.95 .
 []

<figures/lasers_excit.pdf, id=4141, 780.63826pt x 180.99684pt>
File: figures/lasers_excit.pdf Graphic file (type pdf)

<use figures/lasers_excit.pdf>
Package pdftex.def Info: figures/lasers_excit.pdf used on input line 66.
(pdftex.def)             Requested size: 327.777pt x 75.99605pt.


LaTeX Warning: `!h' float specifier changed to `!ht'.

[44 <./figures/2photons.pdf>]
<figures/schema_detect.jpg, id=4174, 595.59196pt x 226.2523pt>
File: figures/schema_detect.jpg Graphic file (type jpg)

<use figures/schema_detect.jpg>
Package pdftex.def Info: figures/schema_detect.jpg used on input line 83.
(pdftex.def)             Requested size: 409.71968pt x 155.64818pt.
 [45 <./figures/lasers_excit.pdf> <./figures/schema_detect.jpg>]
<figures/arrTimes6057.pdf, id=4220, 723.04314pt x 797.81479pt>
File: figures/arrTimes6057.pdf Graphic file (type pdf)

<use figures/arrTimes6057.pdf>
Package pdftex.def Info: figures/arrTimes6057.pdf used on input line 115.
(pdftex.def)             Requested size: 286.80252pt x 316.45422pt.
 [46 <./figures/arrTimes6057.pdf>]
<figures/vieilles_raies.pdf, id=4249, 639.76877pt x 368.21497pt>
File: figures/vieilles_raies.pdf Graphic file (type pdf)

<use figures/vieilles_raies.pdf>
Package pdftex.def Info: figures/vieilles_raies.pdf used on input line 142.
(pdftex.def)             Requested size: 327.777pt x 188.65239pt.

Underfull \vbox (badness 5274) has occurred while \output is active []

 [47 <./figures/vieilles_raies.pdf>]
<figures/Stark_60S.png, id=4273, 799.3062pt x 561.5379pt>
File: figures/Stark_60S.png Graphic file (type png)

<use figures/Stark_60S.png>
Package pdftex.def Info: figures/Stark_60S.png used on input line 185.
(pdftex.def)             Requested size: 409.71968pt x 287.84573pt.


LaTeX Warning: `!h' float specifier changed to `!ht'.

[48]

LaTeX Warning: `h' float specifier changed to `ht'.

[49 <./figures/Stark_60S.png>]
<figures/depotRb.pdf, id=4298, 1535.89531pt x 1034.21182pt>
File: figures/depotRb.pdf Graphic file (type pdf)

<use figures/depotRb.pdf>
Package pdftex.def Info: figures/depotRb.pdf used on input line 269.
(pdftex.def)             Requested size: 348.26422pt x 234.50241pt.


LaTeX Warning: `h' float specifier changed to `ht'.

<figures/raiefine_depot.pdf, id=4301, 821.06757pt x 624.3325pt>
File: figures/raiefine_depot.pdf Graphic file (type pdf)

<use figures/raiefine_depot.pdf>
Package pdftex.def Info: figures/raiefine_depot.pdf used on input line 290.
(pdftex.def)             Requested size: 327.777pt x 249.2332pt.


LaTeX Warning: `h' float specifier changed to `ht'.

[50] <figures/detectionbox_ENS.pdf, id=4311, 796.29735pt x 471.90652pt>
File: figures/detectionbox_ENS.pdf Graphic file (type pdf)

<use figures/detectionbox_ENS.pdf>
Package pdftex.def Info: figures/detectionbox_ENS.pdf used on input line 322.
(pdftex.def)             Requested size: 327.777pt x 194.2462pt.


LaTeX Warning: `h' float specifier changed to `ht'.

<figures/detectionbox_CdF.pdf, id=4314, 1720.99922pt x 1002.58029pt>
File: figures/detectionbox_CdF.pdf Graphic file (type pdf)

<use figures/detectionbox_CdF.pdf>
Package pdftex.def Info: figures/detectionbox_CdF.pdf used on input line 342.
(pdftex.def)             Requested size: 409.71968pt x 238.68132pt.


LaTeX Warning: `h' float specifier changed to `ht'.


Underfull \vbox (badness 10000) has occurred while \output is active []

 [51]
<figures/RF_electrodes.jpg, id=4322, 932.48375pt x 632.3625pt>
File: figures/RF_electrodes.jpg Graphic file (type jpg)

<use figures/RF_electrodes.jpg>
Package pdftex.def Info: figures/RF_electrodes.jpg used on input line 378.
(pdftex.def)             Requested size: 409.71968pt x 277.8544pt.


LaTeX Warning: `h' float specifier changed to `ht'.

[52]) [53] [54 <./figures/depotRb.pdf>] [55 <./figures/raiefine_depot.pdf> <./f
igures/detectionbox_ENS.pdf

pdfTeX warning: pdflatex.exe (file ./figures/detectionbox_ENS.pdf): PDF inclusi
on: multiple pdfs with page group included in a single page
>] [56 <./figures/detectionbox_CdF.pdf> <./figures/RF_electrodes.jpg>]
\openout2 = `low_l_Rydbergs.aux'.


(./low_l_Rydbergs.tex
Chapitre III.

Underfull \hbox (badness 10000) in paragraph at lines 27--29

 []

[57



])
Overfull \hbox (6.26137pt too wide) has occurred while \output is active
\T1/cmr/m/n/10.95 58 \T1/cmr/m/sl/10.95 Chapitre III. Interaction entre atomes 
de Rydberg sphriques et excitation de gaz dense
 []

[58]
\openout2 = `circsim.aux'.

 (./circsim.tex
Chapitre IV.
) [59



]
\openout2 = `circulars.aux'.

 (./circulars.tex
Overfull \hbox (30.98053pt too wide) has occurred while \output is active
\T1/cmr/m/n/10.95 60 \T1/cmr/m/sl/10.95 Chapitre IV. Les atomes de Rydberg circ
ulaires en interaction : vers un simulateur quantique
 []

[60



]
Chapitre V.
[61]) [62] [63


]
\openout2 = `.aux'.

 (d:/texlive/2013/texmf-dist/tex/latex/tools/.tex File ignored)
[64



] [65] [66] [67

] [68]
\openout2 = `.aux'.

 (d:/texlive/2013/texmf-dist/tex/latex/tools/.tex
File ignored)
\openout2 = `.aux'.

 (d:/texlive/2013/texmf-dist/tex/latex/tools/.tex File ignored)
*geometry* verbose mode - [ newgeometry ] result:
* driver: pdftex
* paper: a4paper
* layout: <same size as paper>
* layoutoffset:(h,v)=(0.0pt,0.0pt)
* modes: twoside 
* h-part:(L,W,R)=(56.9055pt, 483.69687pt, 56.9055pt)
* v-part:(T,H,B)=(71.13188pt, 702.78308pt, 71.13188pt)
* \paperwidth=597.50787pt
* \paperheight=845.04684pt
* \textwidth=483.69687pt
* \textheight=702.78308pt
* \oddsidemargin=-15.36449pt
* \evensidemargin=-15.36449pt
* \topmargin=-33.0119pt
* \headheight=12.0pt
* \headsep=19.8738pt
* \topskip=11.0pt
* \footskip=27.46295pt
* \marginparwidth=106.0pt
* \marginparsep=7.0pt
* \columnsep=10.0pt
* \skip\footins=10.0pt plus 4.0pt minus 2.0pt
* \hoffset=0.0pt
* \voffset=0.0pt
* \mag=1000
* \@twocolumnfalse
* \@twosidetrue
* \@mparswitchtrue
* \@reversemarginfalse
* (1in=72.27pt=25.4mm, 1cm=28.453pt)


[69








]
Package atenddvi Info: Last page = 80.
 [70]
Package atveryend Info: Empty hook `BeforeClearDocument' on input line 237.
Package atveryend Info: Executing hook `AfterLastShipout' on input line 237.
 (./these.aux (./.aux) (./.aux) (./Rydbergs.aux)
(./Interacting_Rydbergs.aux) (./Setup_coldatoms.aux) (./Setup_Rydberg.aux)
(./low_l_Rydbergs.aux) (./circsim.aux) (./circulars.aux) (./.aux) (./.aux)
(./.aux))
Package atveryend Info: Executing hook `AtVeryEndDocument' on input line 237.
Package atveryend Info: Executing hook `AtEndAfterFileList' on input line 237.
Package rerunfilecheck Info: File `these.out' has not changed.
(rerunfilecheck)             Checksum: F633FBDD3B8D066CB1ED9F831C48E405;16420.


LaTeX Font Warning: Some font shapes were not available, defaults substituted.


LaTeX Warning: Label(s) may have changed. Rerun to get cross-references right.

Package logreq Info: Writing requests to 'these.run.xml'.
\openout1 = `these.run.xml'.

Package atveryend Info: Empty hook `AtVeryVeryEnd' on input line 237.
 ) 
Here is how much of TeX's memory you used:
 29648 strings out of 493308
 522771 string characters out of 6141367
 929984 words of memory out of 5000000
 32254 multiletter control sequences out of 15000+600000
 45077 words of font info for 110 fonts, out of 8000000 for 9000
 957 hyphenation exceptions out of 8191
 46i,18n,77p,10441b,2396s stack positions out of 5000i,500n,10000p,200000b,80000s
pdfTeX warning (dest): name{Hfootnote.3} has been referenced but does not exi
st, replaced by a fixed one

pdfTeX warning (dest): name{Hfootnote.2} has been referenced but does not exist
, replaced by a fixed one

pdfTeX warning (dest): name{Hfootnote.1} has been referenced but does not exist
, replaced by a fixed one

{d:/texlive/2013/texmf-dist/fonts/enc/dvips/cm-super/cm-super-t1.enc}{d:/texliv
e/2013/texmf-dist/fonts/enc/dvips/cm-super/cm-super-ts1.enc}<d:/texlive/2013/te
xmf-dist/fonts/type1/public/amsfonts/cm/cmbx10.pfb><d:/texlive/2013/texmf-dist/
fonts/type1/public/amsfonts/cm/cmbx12.pfb><d:/texlive/2013/texmf-dist/fonts/typ
e1/public/amsfonts/cm/cmbx8.pfb><d:/texlive/2013/texmf-dist/fonts/type1/public/
amsfonts/cm/cmex10.pfb><d:/texlive/2013/texmf-dist/fonts/type1/public/amsfonts/
cmextra/cmex8.pfb><d:/texlive/2013/texmf-dist/fonts/type1/public/amsfonts/cm/cm
mi10.pfb><d:/texlive/2013/texmf-dist/fonts/type1/public/amsfonts/cm/cmmi12.pfb>
<d:/texlive/2013/texmf-dist/fonts/type1/public/amsfonts/cm/cmmi6.pfb><d:/texliv
e/2013/texmf-dist/fonts/type1/public/amsfonts/cm/cmmi7.pfb><d:/texlive/2013/tex
mf-dist/fonts/type1/public/amsfonts/cm/cmmi8.pfb><d:/texlive/2013/texmf-dist/fo
nts/type1/public/amsfonts/cm/cmmi9.pfb><d:/texlive/2013/texmf-dist/fonts/type1/
public/amsfonts/cm/cmr10.pfb><d:/texlive/2013/texmf-dist/fonts/type1/public/ams
fonts/cm/cmr12.pfb><d:/texlive/2013/texmf-dist/fonts/type1/public/amsfonts/cm/c
mr6.pfb><d:/texlive/2013/texmf-dist/fonts/type1/public/amsfonts/cm/cmr7.pfb><d:
/texlive/2013/texmf-dist/fonts/type1/public/amsfonts/cm/cmr8.pfb><d:/texlive/20
13/texmf-dist/fonts/type1/public/amsfonts/cm/cmsy10.pfb><d:/texlive/2013/texmf-
dist/fonts/type1/public/amsfonts/cm/cmsy6.pfb><d:/texlive/2013/texmf-dist/fonts
/type1/public/amsfonts/cm/cmsy8.pfb><d:/texlive/2013/texmf-dist/fonts/type1/pub
lic/amsfonts/cm/cmsy9.pfb><d:/texlive/2013/texmf-dist/fonts/type1/public/amsfon
ts/cm/cmti10.pfb><d:/texlive/2013/texmf-dist/fonts/type1/public/tex-gyre/qplb.p
fb><d:/texlive/2013/texmf-dist/fonts/type1/public/tex-gyre/qplr.pfb><d:/texlive
/2013/texmf-dist/fonts/type1/public/tex-gyre/qplri.pfb><d:/texlive/2013/texmf-d
ist/fonts/type1/public/cm-super/sfbx0900.pfb><d:/texlive/2013/texmf-dist/fonts/
type1/public/cm-super/sfbx1000.pfb><d:/texlive/2013/texmf-dist/fonts/type1/publ
ic/cm-super/sfbx1095.pfb><d:/texlive/2013/texmf-dist/fonts/type1/public/cm-supe
r/sfbx1200.pfb><d:/texlive/2013/texmf-dist/fonts/type1/public/cm-super/sfbx1440
.pfb><d:/texlive/2013/texmf-dist/fonts/type1/public/cm-super/sfbx1728.pfb><d:/t
exlive/2013/texmf-dist/fonts/type1/public/cm-super/sfbx2074.pfb><d:/texlive/201
3/texmf-dist/fonts/type1/public/cm-super/sfbx2488.pfb><d:/texlive/2013/texmf-di
st/fonts/type1/public/cm-super/sfcc1095.pfb><d:/texlive/2013/texmf-dist/fonts/t
ype1/public/cm-super/sfrm0700.pfb><d:/texlive/2013/texmf-dist/fonts/type1/publi
c/cm-super/sfrm0800.pfb><d:/texlive/2013/texmf-dist/fonts/type1/public/cm-super
/sfrm0900.pfb><d:/texlive/2013/texmf-dist/fonts/type1/public/cm-super/sfrm1000.
pfb><d:/texlive/2013/texmf-dist/fonts/type1/public/cm-super/sfrm1095.pfb><d:/te
xlive/2013/texmf-dist/fonts/type1/public/cm-super/sfrm1200.pfb><d:/texlive/2013
/texmf-dist/fonts/type1/public/cm-super/sfsl1095.pfb><d:/texlive/2013/texmf-dis
t/fonts/type1/public/cm-super/sfsx1000.pfb><d:/texlive/2013/texmf-dist/fonts/ty
pe1/public/cm-super/sfsx1095.pfb><d:/texlive/2013/texmf-dist/fonts/type1/public
/cm-super/sfsx1440.pfb><d:/texlive/2013/texmf-dist/fonts/type1/public/cm-super/
sfsx2074.pfb><d:/texlive/2013/texmf-dist/fonts/type1/public/cm-super/sfti1000.p
fb><d:/texlive/2013/texmf-dist/fonts/type1/public/cm-super/sfti1095.pfb>
Output written on these.pdf (80 pages, 9044783 bytes).
PDF statistics:
 4732 PDF objects out of 5155 (max. 8388607)
 3366 compressed objects within 34 object streams
 279 named destinations out of 1000 (max. 500000)
 664 words of extra memory for PDF output out of 10000 (max. 10000000)

