\BOOKMARK [0][-]{chapter*.2}{\376\377\000T\000a\000b\000l\000e\000\040\000d\000e\000s\000\040\000f\000i\000g\000u\000r\000e\000s}{}% 1
\BOOKMARK [0][-]{chapter*.3}{\376\377\000I\000n\000t\000r\000o\000d\000u\000c\000t\000i\000o\000n}{}% 2
\BOOKMARK [0][-]{chapter.1}{\376\377\000A\000t\000o\000m\000e\000s\000\040\000d\000e\000\040\000R\000y\000d\000b\000e\000r\000g\000\040\000a\000l\000c\000a\000l\000i\000n\000s\000\040\000e\000n\000\040\000i\000n\000t\000e\000r\000a\000c\000t\000i\000o\000n}{}% 3
\BOOKMARK [1][-]{section.1.1}{\376\377\000T\000h\000\351\000o\000r\000i\000e\000\040\000g\000\351\000n\000\351\000r\000a\000l\000e\000\040\000d\000e\000s\000\040\000R\000y\000d\000b\000e\000r\000g}{chapter.1}% 4
\BOOKMARK [2][-]{subsection.1.1.1}{\376\377\000H\000a\000m\000i\000l\000t\000o\000n\000i\000e\000n\000\040\000d\000e\000\040\000l\000'\000a\000t\000o\000m\000e\000\040\000d\000e\000\040\000R\000y\000d\000b\000e\000r\000g\000\040\000e\000t\000\040\000d\000\351\000f\000a\000u\000t\000\040\000q\000u\000a\000n\000t\000i\000q\000u\000e}{section.1.1}% 5
\BOOKMARK [2][-]{subsection.1.1.2}{\376\377\000N\000i\000v\000e\000a\000u\000x\000\040\000\340\000\040\000b\000a\000s\000\040\000l}{section.1.1}% 6
\BOOKMARK [2][-]{subsection.1.1.3}{\376\377\000N\000i\000v\000e\000a\000u\000x\000\040\000c\000i\000r\000c\000u\000l\000a\000i\000r\000e\000s}{section.1.1}% 7
\BOOKMARK [1][-]{section.1.2}{\376\377\000A\000t\000o\000m\000e\000s\000\040\000d\000e\000\040\000R\000y\000d\000b\000e\000r\000g\000\040\000e\000n\000\040\000i\000n\000t\000e\000r\000a\000c\000t\000i\000o\000n}{chapter.1}% 8
\BOOKMARK [2][-]{subsection.1.2.1}{\376\377\000D\000e\000u\000x\000\040\000a\000t\000o\000m\000e\000s\000\040\000d\000e\000\040\000R\000y\000d\000b\000e\000r\000g}{section.1.2}% 9
\BOOKMARK [2][-]{subsection.1.2.2}{\376\377\000l\000e\000s\000\040\000i\000n\000t\000e\000r\000a\000c\000t\000i\000o\000n\000s\000\040\000e\000n\000t\000r\000e\000\040\000R\000y\000d\000b\000e\000r\000g\000\040\000d\000e\000\040\000b\000a\000s\000\040\000l}{section.1.2}% 10
\BOOKMARK [2][-]{subsection.1.2.3}{\376\377\000l\000e\000s\000\040\000i\000n\000t\000e\000r\000a\000c\000t\000i\000o\000n\000s\000\040\000e\000n\000t\000r\000e\000\040\000R\000y\000d\000b\000e\000r\000g\000\040\000c\000i\000r\000c\000u\000l\000a\000i\000r\000e\000s}{section.1.2}% 11
\BOOKMARK [0][-]{chapter.2}{\376\377\000D\000e\000s\000\040\000a\000t\000o\000m\000e\000s\000\040\000d\000e\000\040\000R\000y\000d\000b\000e\000r\000g\000\040\000f\000r\000o\000i\000d\000s\000\040\000e\000n\000\040\000e\000n\000v\000i\000r\000o\000n\000n\000e\000m\000e\000n\000t\000\040\000c\000r\000y\000o\000g\000\351\000n\000i\000q\000u\000e}{}% 12
\BOOKMARK [1][-]{section.2.1}{\376\377\000L\000e\000s\000\040\000a\000t\000o\000m\000e\000s\000\040\000f\000r\000o\000i\000d\000s}{chapter.2}% 13
\BOOKMARK [2][-]{subsection.2.1.1}{\376\377\000l\000e\000\040\000c\000r\000y\000o\000s\000t\000a\000t\000\040\000e\000t\000\040\000l\000a\000\040\000p\000u\000c\000e}{section.2.1}% 14
\BOOKMARK [2][-]{subsection.2.1.2}{\376\377\000s\000\351\000q\000u\000e\000n\000c\000e\000\040\000d\000e\000\040\000p\000i\000\351\000g\000e\000a\000g\000e\000\040\000e\000t\000\040\000r\000e\000f\000r\000o\000i\000d\000i\000s\000s\000e\000m\000e\000n\000t}{section.2.1}% 15
\BOOKMARK [2][-]{subsection.2.1.3}{\376\377\000i\000m\000a\000g\000e\000r\000i\000e\000\040\000a\000t\000o\000m\000i\000q\000u\000e}{section.2.1}% 16
\BOOKMARK [2][-]{subsection.2.1.4}{\376\377\000n\000u\000a\000g\000e\000s\000\040\000t\000y\000p\000i\000q\000u\000e\000s}{section.2.1}% 17
\BOOKMARK [1][-]{section.2.2}{\376\377\000E\000x\000c\000i\000t\000a\000t\000i\000o\000n\000\040\000e\000t\000\040\000d\000\351\000t\000e\000c\000t\000i\000o\000n\000\040\000d\000'\000a\000t\000o\000m\000e\000s\000\040\000d\000e\000\040\000R\000y\000d\000b\000e\000r\000g\000\040\000p\000r\000\350\000s\000\040\000d\000'\000u\000n\000e\000\040\000p\000u\000c\000e}{chapter.2}% 18
\BOOKMARK [2][-]{subsection.2.2.1}{\376\377\000s\000c\000h\000\351\000m\000a\000\040\000d\000'\000e\000x\000c\000i\000t\000a\000t\000i\000o\000n}{section.2.2}% 19
\BOOKMARK [2][-]{subsection.2.2.2}{\376\377\000s\000c\000h\000\351\000m\000a\000\040\000d\000e\000\040\000d\000\351\000t\000e\000c\000t\000i\000o\000n}{section.2.2}% 20
\BOOKMARK [2][-]{subsection.2.2.3}{\376\377\000p\000r\000o\000b\000l\000\350\000m\000e\000\040\000d\000e\000s\000\040\000c\000h\000a\000m\000p\000s\000\040\000\351\000l\000e\000c\000t\000r\000i\000q\000u\000e\000s\000\040\000e\000t\000\040\000f\000l\000a\000s\000h\000\040\000d\000e\000\040\000R\000b}{section.2.2}% 21
\BOOKMARK [2][-]{subsection.2.2.4}{\376\377\000c\000o\000m\000p\000e\000n\000s\000a\000t\000i\000o\000n\000\040\000e\000t\000\040\000c\000o\000n\000t\000r\000\364\000l\000e\000\040\000d\000e\000s\000\040\000c\000h\000a\000m\000p\000s}{section.2.2}% 22
\BOOKMARK [2][-]{subsection.2.2.5}{\376\377\000m\000a\000n\000i\000p\000u\000l\000a\000t\000i\000o\000n\000\040\000e\000t\000\040\000o\000b\000s\000e\000r\000v\000a\000t\000i\000o\000n\000\040\000d\000e\000s\000\040\000R\000y\000d\000b\000e\000r\000g\000s}{section.2.2}% 23
\BOOKMARK [0][-]{chapter.3}{\376\377\000I\000n\000t\000e\000r\000a\000c\000t\000i\000o\000n\000\040\000e\000n\000t\000r\000e\000\040\000a\000t\000o\000m\000e\000s\000\040\000d\000e\000\040\000R\000y\000d\000b\000e\000r\000g\000\040\000s\000p\000h\000\351\000r\000i\000q\000u\000e\000s\000\040\000e\000t\000\040\000e\000x\000c\000i\000t\000a\000t\000i\000o\000n\000\040\000d\000e\000\040\000g\000a\000z\000\040\000d\000e\000n\000s\000e}{}% 24
\BOOKMARK [1][-]{section.3.1}{\376\377\000R\000\351\000g\000i\000m\000e\000s\000\040\000d\000'\000e\000x\000c\000i\000t\000a\000t\000i\000o\000n\000\040\000e\000n\000\040\000n\000u\000a\000g\000e\000\040\000d\000e\000n\000s\000e\000\040\000:\000\040\000b\000l\000o\000c\000a\000g\000e\000\040\000e\000t\000\040\000f\000a\000c\000i\000l\000i\000t\000a\000t\000i\000o\000n}{chapter.3}% 25
\BOOKMARK [2][-]{subsection.3.1.1}{\376\377\000R\000a\000p\000p\000e\000l\000s\000\040\000s\000u\000r\000\040\000l\000'\000i\000n\000t\000e\000r\000a\000c\000t\000i\000o\000n}{section.3.1}% 26
\BOOKMARK [2][-]{subsection.3.1.2}{\376\377\000m\000o\000u\000v\000e\000m\000e\000n\000t\000\040\000d\000e\000s\000\040\000a\000t\000o\000m\000e\000s\000\040\000a\000u\000\040\000s\000e\000i\000n\000\040\000d\000'\000u\000n\000\040\000g\000a\000z\000\040\000d\000e\000n\000s\000e\000\040\000d\000e\000\040\000R\000y\000d\000b\000e\000r\000g}{section.3.1}% 27
\BOOKMARK [2][-]{subsection.3.1.3}{\376\377\000L\000e\000\040\000b\000l\000o\000c\000a\000g\000e\000\040\000d\000i\000p\000o\000l\000a\000i\000r\000e\000\040\000e\000t\000\040\000l\000a\000\040\000f\000a\000c\000i\000l\000i\000t\000a\000t\000i\000o\000n}{section.3.1}% 28
\BOOKMARK [1][-]{section.3.2}{\376\377\000S\000p\000e\000c\000t\000r\000o\000s\000c\000o\000p\000i\000e\000\040\000o\000p\000t\000i\000q\000u\000e\000\040\000d\000u\000\040\000n\000u\000a\000g\000e}{chapter.3}% 29
\BOOKMARK [2][-]{subsection.3.2.1}{\376\377\000D\000e\000s\000c\000r\000i\000p\000t\000i\000o\000n\000\040\000d\000e\000\040\000l\000a\000\040\000m\000a\000n\000i\000p}{section.3.2}% 30
\BOOKMARK [2][-]{subsection.3.2.2}{\376\377\000D\000o\000n\000n\000\351\000e\000s\000\040\000:\000\040\000\351\000l\000a\000r\000g\000i\000s\000s\000e\000m\000e\000n\000t\000\040\000d\000e\000\040\000l\000a\000\040\000r\000a\000i\000e\000\040\000l\000a\000s\000e\000r\000\040\000p\000a\000r\000\040\000i\000n\000t\000e\000r\000a\000c\000t\000i\000o\000n\000s}{section.3.2}% 31
\BOOKMARK [1][-]{section.3.3}{\376\377\000M\000o\000d\000\350\000l\000e\000\040\000d\000e\000\040\000l\000a\000\040\000d\000y\000n\000a\000m\000i\000q\000u\000e\000\040\000d\000'\000e\000x\000c\000i\000t\000a\000t\000i\000o\000n}{chapter.3}% 32
\BOOKMARK [2][-]{subsection.3.3.1}{\376\377\000S\000i\000m\000u\000l\000a\000t\000i\000o\000n\000s}{section.3.3}% 33
\BOOKMARK [2][-]{subsection.3.3.2}{\376\377\000L\000e\000s\000\040\000l\000i\000m\000i\000t\000e\000s\000\040\000d\000u\000\040\000m\000o\000d\000\350\000l\000e}{section.3.3}% 34
\BOOKMARK [1][-]{section.3.4}{\376\377\000S\000p\000e\000c\000t\000r\000o\000s\000c\000o\000p\000i\000e\000\040\000m\000i\000c\000r\000o\000o\000n\000d\000e\000\040\000d\000u\000\040\000n\000u\000a\000g\000e\000\040\000:\000\040\000v\000o\000i\000r\000\040\000l\000e\000\040\000m\000o\000u\000v\000e\000m\000e\000n\000t}{chapter.3}% 35
\BOOKMARK [2][-]{subsection.3.4.1}{\376\377\000D\000e\000s\000c\000r\000i\000p\000t\000i\000o\000n\000\040\000d\000e\000\040\000l\000a\000\040\000m\000a\000n\000i\000p}{section.3.4}% 36
\BOOKMARK [2][-]{subsection.3.4.2}{\376\377\000D\000o\000n\000n\000\351\000e\000s\000\040\000e\000t\000\040\000a\000c\000c\000o\000r\000d\000\040\000a\000v\000e\000c\000\040\000l\000e\000s\000\040\000s\000i\000m\000u\000l\000a\000t\000i\000o\000n\000s}{section.3.4}% 37
\BOOKMARK [0][-]{chapter.4}{\376\377\000L\000e\000s\000\040\000a\000t\000o\000m\000e\000s\000\040\000d\000e\000\040\000R\000y\000d\000b\000e\000r\000g\000\040\000c\000i\000r\000c\000u\000l\000a\000i\000r\000e\000s\000\040\000e\000n\000\040\000i\000n\000t\000e\000r\000a\000c\000t\000i\000o\000n\000\040\000:\000\040\000v\000e\000r\000s\000\040\000u\000n\000\040\000s\000i\000m\000u\000l\000a\000t\000e\000u\000r\000\040\000q\000u\000a\000n\000t\000i\000q\000u\000e}{}% 38
\BOOKMARK [0][-]{chapter.5}{\376\377\000D\000e\000s\000\040\000a\000t\000o\000m\000e\000s\000\040\000d\000e\000\040\000R\000y\000d\000b\000e\000r\000g\000\040\000c\000i\000r\000c\000u\000l\000a\000i\000r\000e\000s\000\040\000s\000u\000r\000\040\000p\000u\000c\000e}{}% 39
\BOOKMARK [1][-]{section.5.1}{\376\377\000C\000o\000m\000m\000e\000n\000t\000\040\000e\000x\000c\000i\000t\000e\000r\000\040\000d\000e\000s\000\040\000a\000t\000o\000m\000e\000s\000\040\000d\000e\000\040\000R\000y\000d\000b\000e\000r\000g\000\040\000c\000i\000r\000c\000u\000l\000a\000i\000r\000e\000s}{chapter.5}% 40
\BOOKMARK [2][-]{subsection.5.1.1}{\376\377\000L\000e\000s\000\040\000n\000i\000v\000e\000a\000u\000x\000\040\000a\000t\000o\000m\000i\000q\000u\000e\000s\000\040\000d\000u\000\040\000f\000o\000n\000d\000a\000m\000e\000n\000t\000a\000l\000\040\000a\000u\000\040\000R\000y\000d\000b\000e\000r\000g\000\040\000c\000i\000r\000c\000u\000l\000a\000i\000r\000e}{section.5.1}% 41
\BOOKMARK [2][-]{subsection.5.1.2}{\376\377\000S\000p\000e\000c\000t\000r\000o\000s\000c\000o\000p\000i\000e\000\040\0005\000s\000-\0005\0000\000d}{section.5.1}% 42
\BOOKMARK [2][-]{subsection.5.1.3}{\376\377\000S\000p\000e\000c\000t\000r\000o\000s\000c\000o\000p\000i\000e\000\040\0005\0000\000d\000-\0005\0000\000f}{section.5.1}% 43
\BOOKMARK [1][-]{section.5.2}{\376\377\000C\000o\000m\000m\000e\000n\000t\000\040\000c\000a\000r\000a\000c\000t\000\351\000r\000i\000s\000e\000r\000\040\000l\000e\000s\000\040\000a\000t\000o\000m\000e\000s\000\040\000d\000e\000\040\000R\000y\000d\000b\000e\000r\000g\000\040\000c\000i\000r\000c\000u\000l\000a\000i\000r\000e\000s}{chapter.5}% 44
\BOOKMARK [2][-]{subsection.5.2.1}{\376\377\000S\000p\000e\000c\000t\000r\000o\000s\000c\000o\000p\000i\000e\000\040\000m\000i\000c\000r\000o\000o\000n\000d\000e\000\040\000v\000e\000r\000s\000\040\000l\000e\000s\000\040\000n\000i\000v\000e\000a\000u\000x\000\040\000v\000o\000i\000s\000i\000n\000s}{section.5.2}% 45
\BOOKMARK [2][-]{subsection.5.2.2}{\376\377\000T\000e\000m\000p\000s\000\040\000d\000e\000\040\000v\000i\000e}{section.5.2}% 46
\BOOKMARK [2][-]{subsection.5.2.3}{\376\377\000T\000e\000m\000p\000s\000\040\000d\000e\000\040\000c\000o\000h\000\351\000r\000e\000n\000c\000e}{section.5.2}% 47
\BOOKMARK [1][-]{section.5.3}{\376\377\000\311\000j\000e\000c\000t\000a\000b\000l\000e\000\040\000:\000\040\000P\000r\000e\000m\000i\000\350\000r\000e\000\040\000\351\000v\000i\000d\000e\000n\000c\000e\000\040\000d\000u\000\040\000p\000i\000\351\000g\000e\000a\000g\000e\000\040\000d\000e\000s\000\040\000a\000t\000o\000m\000e\000s\000\040\000c\000i\000r\000c\000u\000l\000a\000i\000r\000e\000s}{chapter.5}% 48
\BOOKMARK [2][-]{subsection.5.3.1}{\376\377\000D\000i\000s\000p\000o\000s\000i\000t\000i\000f\000\040\000l\000a\000s\000e\000r\000\040\000d\000e\000\040\000p\000i\000\351\000g\000e\000a\000g\000e}{section.5.3}% 49
\BOOKMARK [2][-]{subsection.5.3.2}{\376\377\000C\000o\000m\000m\000e\000n\000t\000\040\000o\000b\000s\000e\000r\000v\000e\000r\000\040\000l\000e\000\040\000p\000i\000\351\000g\000e\000a\000g\000e\000\040\000d\000e\000s\000\040\000a\000t\000o\000m\000e\000s\000\040\000c\000i\000r\000c\000u\000l\000a\000i\000r\000e\000s}{section.5.3}% 50
\BOOKMARK [0][-]{chapter*.7}{\376\377\000C\000o\000n\000c\000l\000u\000s\000i\000o\000n}{}% 51
